[
  {
    "line": 1,
    "elements": [
      {
        "start_timestamp": "2021-05-11T04:29:14.970Z",
        "line": 12,
        "name": "Verify if content is successfully created using createApi",
        "description": "",
        "id": "validating-content-api-s;verify-if-content-is-successfully-created-using-createapi;;2",
        "type": "scenario",
        "keyword": "Scenario Outline",
        "steps": [
          {
            "result": {
              "error_message": "cucumber.runtime.CucumberException: Failed to instantiate class stepDefinations.StepDefination\r\n\tat cucumber.runtime.java.DefaultJavaObjectFactory.cacheNewInstance(DefaultJavaObjectFactory.java:46)\r\n\tat cucumber.runtime.java.DefaultJavaObjectFactory.getInstance(DefaultJavaObjectFactory.java:32)\r\n\tat cucumber.runtime.java.JavaStepDefinition.execute(JavaStepDefinition.java:57)\r\n\tat cucumber.runner.PickleStepDefinitionMatch.runStep(PickleStepDefinitionMatch.java:50)\r\n\tat cucumber.runner.TestStep.executeStep(TestStep.java:65)\r\n\tat cucumber.runner.TestStep.run(TestStep.java:50)\r\n\tat cucumber.runner.PickleStepTestStep.run(PickleStepTestStep.java:43)\r\n\tat cucumber.runner.TestCase.run(TestCase.java:46)\r\n\tat cucumber.runner.Runner.runPickle(Runner.java:50)\r\n\tat io.cucumber.junit.PickleRunners$NoStepDescriptions.run(PickleRunners.java:146)\r\n\tat io.cucumber.junit.FeatureRunner.runChild(FeatureRunner.java:68)\r\n\tat io.cucumber.junit.FeatureRunner.runChild(FeatureRunner.java:23)\r\n\tat org.junit.runners.ParentRunner$3.run(ParentRunner.java:290)\r\n\tat org.junit.runners.ParentRunner$1.schedule(ParentRunner.java:71)\r\n\tat org.junit.runners.ParentRunner.runChildren(ParentRunner.java:288)\r\n\tat org.junit.runners.ParentRunner.access$000(ParentRunner.java:58)\r\n\tat org.junit.runners.ParentRunner$2.evaluate(ParentRunner.java:268)\r\n\tat org.junit.runners.ParentRunner.run(ParentRunner.java:363)\r\n\tat io.cucumber.junit.Cucumber.runChild(Cucumber.java:144)\r\n\tat io.cucumber.junit.Cucumber.runChild(Cucumber.java:65)\r\n\tat org.junit.runners.ParentRunner$3.run(ParentRunner.java:290)\r\n\tat org.junit.runners.ParentRunner$1.schedule(ParentRunner.java:71)\r\n\tat org.junit.runners.ParentRunner.runChildren(ParentRunner.java:288)\r\n\tat org.junit.runners.ParentRunner.access$000(ParentRunner.java:58)\r\n\tat org.junit.runners.ParentRunner$2.evaluate(ParentRunner.java:268)\r\n\tat io.cucumber.junit.Cucumber$RunCucumber.evaluate(Cucumber.java:174)\r\n\tat org.junit.runners.ParentRunner.run(ParentRunner.java:363)\r\n\tat org.junit.runner.JUnitCore.run(JUnitCore.java:137)\r\n\tat com.intellij.junit4.JUnit4IdeaTestRunner.startRunnerWithArgs(JUnit4IdeaTestRunner.java:68)\r\n\tat com.intellij.rt.junit.IdeaTestRunner$Repeater.startRunnerWithArgs(IdeaTestRunner.java:33)\r\n\tat com.intellij.rt.junit.JUnitStarter.prepareStreamsAndStart(JUnitStarter.java:230)\r\n\tat com.intellij.rt.junit.JUnitStarter.main(JUnitStarter.java:58)\r\nCaused by: java.lang.reflect.InvocationTargetException\r\n\tat sun.reflect.NativeConstructorAccessorImpl.newInstance0(Native Method)\r\n\tat sun.reflect.NativeConstructorAccessorImpl.newInstance(NativeConstructorAccessorImpl.java:62)\r\n\tat sun.reflect.DelegatingConstructorAccessorImpl.newInstance(DelegatingConstructorAccessorImpl.java:45)\r\n\tat java.lang.reflect.Constructor.newInstance(Constructor.java:423)\r\n\tat cucumber.runtime.java.DefaultJavaObjectFactory.cacheNewInstance(DefaultJavaObjectFactory.java:40)\r\n\t... 31 more\r\nCaused by: java.io.FileNotFoundException: C:\\Jenkinspath\\testData.json (The system cannot find the path specified)\r\n\tat java.io.FileInputStream.open0(Native Method)\r\n\tat java.io.FileInputStream.open(FileInputStream.java:195)\r\n\tat java.io.FileInputStream.\u003cinit\u003e(FileInputStream.java:138)\r\n\tat java.io.FileInputStream.\u003cinit\u003e(FileInputStream.java:93)\r\n\tat java.io.FileReader.\u003cinit\u003e(FileReader.java:58)\r\n\tat resources.Utils.\u003cinit\u003e(Utils.java:24)\r\n\tat stepDefinations.StepDefination.\u003cinit\u003e(StepDefination.java:38)\r\n\t... 36 more\r\n",
              "duration": 14763400,
              "status": "failed"
            },
            "line": 4,
            "name": "create content Payload with \"test1\"  \"Resource\" \"application/vnd.ekstep.html-archive\"",
            "match": {
              "arguments": [
                {
                  "val": "\"test1\"",
                  "offset": 28
                },
                {
                  "val": "\"Resource\"",
                  "offset": 37
                },
                {
                  "val": "\"application/vnd.ekstep.html-archive\"",
                  "offset": 48
                }
              ],
              "location": "StepDefination.createContentPayloadWith(String,String,String)"
            },
            "keyword": "Given "
          },
          {
            "result": {
              "duration": 819000,
              "status": "skipped"
            },
            "line": 5,
            "name": "user calls \"createContentAPI\" with \"POST\" http request",
            "match": {
              "arguments": [
                {
                  "val": "\"createContentAPI\"",
                  "offset": 11
                },
                {
                  "val": "\"POST\"",
                  "offset": 35
                }
              ],
              "location": "StepDefination.user_calls_with_http_request(String,String)"
            },
            "keyword": "When "
          },
          {
            "result": {
              "duration": 760000,
              "status": "skipped"
            },
            "line": 6,
            "name": "the API call got success with status code 200",
            "match": {
              "arguments": [
                {
                  "val": "200",
                  "offset": 42
                }
              ],
              "location": "StepDefination.the_API_call_got_success_with_status_code(Integer)"
            },
            "keyword": "Then "
          },
          {
            "result": {
              "duration": 822500,
              "status": "skipped"
            },
            "line": 7,
            "name": "\"responseCode\" in response body is \"OK\"",
            "match": {
              "arguments": [
                {
                  "val": "\"responseCode\"",
                  "offset": 0
                },
                {
                  "val": "\"OK\"",
                  "offset": 35
                }
              ],
              "location": "StepDefination.in_response_body_is(String,String)"
            },
            "keyword": "And "
          },
          {
            "result": {
              "duration": 875600,
              "status": "skipped"
            },
            "line": 8,
            "name": "verify do_id created maps to \"test1\" using \"getContentAPI\"",
            "match": {
              "arguments": [
                {
                  "val": "\"test1\"",
                  "offset": 29
                },
                {
                  "val": "\"getContentAPI\"",
                  "offset": 43
                }
              ],
              "location": "StepDefination.verifyDo_idCreatedMapsToUsing(String,String)"
            },
            "keyword": "And "
          }
        ],
        "tags": [
          {
            "name": "@createContent"
          },
          {
            "name": "@Regression"
          }
        ]
      },
      {
        "start_timestamp": "2021-05-11T04:29:15.061Z",
        "line": 13,
        "name": "Verify if content is successfully created using createApi",
        "description": "",
        "id": "validating-content-api-s;verify-if-content-is-successfully-created-using-createapi;;3",
        "type": "scenario",
        "keyword": "Scenario Outline",
        "steps": [
          {
            "result": {
              "error_message": "cucumber.runtime.CucumberException: Failed to instantiate class stepDefinations.StepDefination\r\n\tat cucumber.runtime.java.DefaultJavaObjectFactory.cacheNewInstance(DefaultJavaObjectFactory.java:46)\r\n\tat cucumber.runtime.java.DefaultJavaObjectFactory.getInstance(DefaultJavaObjectFactory.java:32)\r\n\tat cucumber.runtime.java.JavaStepDefinition.execute(JavaStepDefinition.java:57)\r\n\tat cucumber.runner.PickleStepDefinitionMatch.runStep(PickleStepDefinitionMatch.java:50)\r\n\tat cucumber.runner.TestStep.executeStep(TestStep.java:65)\r\n\tat cucumber.runner.TestStep.run(TestStep.java:50)\r\n\tat cucumber.runner.PickleStepTestStep.run(PickleStepTestStep.java:43)\r\n\tat cucumber.runner.TestCase.run(TestCase.java:46)\r\n\tat cucumber.runner.Runner.runPickle(Runner.java:50)\r\n\tat io.cucumber.junit.PickleRunners$NoStepDescriptions.run(PickleRunners.java:146)\r\n\tat io.cucumber.junit.FeatureRunner.runChild(FeatureRunner.java:68)\r\n\tat io.cucumber.junit.FeatureRunner.runChild(FeatureRunner.java:23)\r\n\tat org.junit.runners.ParentRunner$3.run(ParentRunner.java:290)\r\n\tat org.junit.runners.ParentRunner$1.schedule(ParentRunner.java:71)\r\n\tat org.junit.runners.ParentRunner.runChildren(ParentRunner.java:288)\r\n\tat org.junit.runners.ParentRunner.access$000(ParentRunner.java:58)\r\n\tat org.junit.runners.ParentRunner$2.evaluate(ParentRunner.java:268)\r\n\tat org.junit.runners.ParentRunner.run(ParentRunner.java:363)\r\n\tat io.cucumber.junit.Cucumber.runChild(Cucumber.java:144)\r\n\tat io.cucumber.junit.Cucumber.runChild(Cucumber.java:65)\r\n\tat org.junit.runners.ParentRunner$3.run(ParentRunner.java:290)\r\n\tat org.junit.runners.ParentRunner$1.schedule(ParentRunner.java:71)\r\n\tat org.junit.runners.ParentRunner.runChildren(ParentRunner.java:288)\r\n\tat org.junit.runners.ParentRunner.access$000(ParentRunner.java:58)\r\n\tat org.junit.runners.ParentRunner$2.evaluate(ParentRunner.java:268)\r\n\tat io.cucumber.junit.Cucumber$RunCucumber.evaluate(Cucumber.java:174)\r\n\tat org.junit.runners.ParentRunner.run(ParentRunner.java:363)\r\n\tat org.junit.runner.JUnitCore.run(JUnitCore.java:137)\r\n\tat com.intellij.junit4.JUnit4IdeaTestRunner.startRunnerWithArgs(JUnit4IdeaTestRunner.java:68)\r\n\tat com.intellij.rt.junit.IdeaTestRunner$Repeater.startRunnerWithArgs(IdeaTestRunner.java:33)\r\n\tat com.intellij.rt.junit.JUnitStarter.prepareStreamsAndStart(JUnitStarter.java:230)\r\n\tat com.intellij.rt.junit.JUnitStarter.main(JUnitStarter.java:58)\r\nCaused by: java.lang.reflect.InvocationTargetException\r\n\tat sun.reflect.NativeConstructorAccessorImpl.newInstance0(Native Method)\r\n\tat sun.reflect.NativeConstructorAccessorImpl.newInstance(NativeConstructorAccessorImpl.java:62)\r\n\tat sun.reflect.DelegatingConstructorAccessorImpl.newInstance(DelegatingConstructorAccessorImpl.java:45)\r\n\tat java.lang.reflect.Constructor.newInstance(Constructor.java:423)\r\n\tat cucumber.runtime.java.DefaultJavaObjectFactory.cacheNewInstance(DefaultJavaObjectFactory.java:40)\r\n\t... 31 more\r\nCaused by: java.io.FileNotFoundException: C:\\Jenkinspath\\testData.json (The system cannot find the path specified)\r\n\tat java.io.FileInputStream.open0(Native Method)\r\n\tat java.io.FileInputStream.open(FileInputStream.java:195)\r\n\tat java.io.FileInputStream.\u003cinit\u003e(FileInputStream.java:138)\r\n\tat java.io.FileInputStream.\u003cinit\u003e(FileInputStream.java:93)\r\n\tat java.io.FileReader.\u003cinit\u003e(FileReader.java:58)\r\n\tat resources.Utils.\u003cinit\u003e(Utils.java:24)\r\n\tat stepDefinations.StepDefination.\u003cinit\u003e(StepDefination.java:38)\r\n\t... 36 more\r\n",
              "duration": 939400,
              "status": "failed"
            },
            "line": 4,
            "name": "create content Payload with \"test2\"  \"Collection\" \"application/vnd.ekstep.html-archive\"",
            "match": {
              "arguments": [
                {
                  "val": "\"test2\"",
                  "offset": 28
                },
                {
                  "val": "\"Collection\"",
                  "offset": 37
                },
                {
                  "val": "\"application/vnd.ekstep.html-archive\"",
                  "offset": 50
                }
              ],
              "location": "StepDefination.createContentPayloadWith(String,String,String)"
            },
            "keyword": "Given "
          },
          {
            "result": {
              "duration": 791800,
              "status": "skipped"
            },
            "line": 5,
            "name": "user calls \"createContentAPI\" with \"POST\" http request",
            "match": {
              "arguments": [
                {
                  "val": "\"createContentAPI\"",
                  "offset": 11
                },
                {
                  "val": "\"POST\"",
                  "offset": 35
                }
              ],
              "location": "StepDefination.user_calls_with_http_request(String,String)"
            },
            "keyword": "When "
          },
          {
            "result": {
              "duration": 574000,
              "status": "skipped"
            },
            "line": 6,
            "name": "the API call got success with status code 200",
            "match": {
              "arguments": [
                {
                  "val": "200",
                  "offset": 42
                }
              ],
              "location": "StepDefination.the_API_call_got_success_with_status_code(Integer)"
            },
            "keyword": "Then "
          },
          {
            "result": {
              "duration": 648900,
              "status": "skipped"
            },
            "line": 7,
            "name": "\"responseCode\" in response body is \"OK\"",
            "match": {
              "arguments": [
                {
                  "val": "\"responseCode\"",
                  "offset": 0
                },
                {
                  "val": "\"OK\"",
                  "offset": 35
                }
              ],
              "location": "StepDefination.in_response_body_is(String,String)"
            },
            "keyword": "And "
          },
          {
            "result": {
              "duration": 607900,
              "status": "skipped"
            },
            "line": 8,
            "name": "verify do_id created maps to \"test2\" using \"getContentAPI\"",
            "match": {
              "arguments": [
                {
                  "val": "\"test2\"",
                  "offset": 29
                },
                {
                  "val": "\"getContentAPI\"",
                  "offset": 43
                }
              ],
              "location": "StepDefination.verifyDo_idCreatedMapsToUsing(String,String)"
            },
            "keyword": "And "
          }
        ],
        "tags": [
          {
            "name": "@createContent"
          },
          {
            "name": "@Regression"
          }
        ]
      },
      {
        "start_timestamp": "2021-05-11T04:29:15.078Z",
        "line": 14,
        "name": "Verify if content is successfully created using createApi",
        "description": "",
        "id": "validating-content-api-s;verify-if-content-is-successfully-created-using-createapi;;4",
        "type": "scenario",
        "keyword": "Scenario Outline",
        "steps": [
          {
            "result": {
              "error_message": "cucumber.runtime.CucumberException: Failed to instantiate class stepDefinations.StepDefination\r\n\tat cucumber.runtime.java.DefaultJavaObjectFactory.cacheNewInstance(DefaultJavaObjectFactory.java:46)\r\n\tat cucumber.runtime.java.DefaultJavaObjectFactory.getInstance(DefaultJavaObjectFactory.java:32)\r\n\tat cucumber.runtime.java.JavaStepDefinition.execute(JavaStepDefinition.java:57)\r\n\tat cucumber.runner.PickleStepDefinitionMatch.runStep(PickleStepDefinitionMatch.java:50)\r\n\tat cucumber.runner.TestStep.executeStep(TestStep.java:65)\r\n\tat cucumber.runner.TestStep.run(TestStep.java:50)\r\n\tat cucumber.runner.PickleStepTestStep.run(PickleStepTestStep.java:43)\r\n\tat cucumber.runner.TestCase.run(TestCase.java:46)\r\n\tat cucumber.runner.Runner.runPickle(Runner.java:50)\r\n\tat io.cucumber.junit.PickleRunners$NoStepDescriptions.run(PickleRunners.java:146)\r\n\tat io.cucumber.junit.FeatureRunner.runChild(FeatureRunner.java:68)\r\n\tat io.cucumber.junit.FeatureRunner.runChild(FeatureRunner.java:23)\r\n\tat org.junit.runners.ParentRunner$3.run(ParentRunner.java:290)\r\n\tat org.junit.runners.ParentRunner$1.schedule(ParentRunner.java:71)\r\n\tat org.junit.runners.ParentRunner.runChildren(ParentRunner.java:288)\r\n\tat org.junit.runners.ParentRunner.access$000(ParentRunner.java:58)\r\n\tat org.junit.runners.ParentRunner$2.evaluate(ParentRunner.java:268)\r\n\tat org.junit.runners.ParentRunner.run(ParentRunner.java:363)\r\n\tat io.cucumber.junit.Cucumber.runChild(Cucumber.java:144)\r\n\tat io.cucumber.junit.Cucumber.runChild(Cucumber.java:65)\r\n\tat org.junit.runners.ParentRunner$3.run(ParentRunner.java:290)\r\n\tat org.junit.runners.ParentRunner$1.schedule(ParentRunner.java:71)\r\n\tat org.junit.runners.ParentRunner.runChildren(ParentRunner.java:288)\r\n\tat org.junit.runners.ParentRunner.access$000(ParentRunner.java:58)\r\n\tat org.junit.runners.ParentRunner$2.evaluate(ParentRunner.java:268)\r\n\tat io.cucumber.junit.Cucumber$RunCucumber.evaluate(Cucumber.java:174)\r\n\tat org.junit.runners.ParentRunner.run(ParentRunner.java:363)\r\n\tat org.junit.runner.JUnitCore.run(JUnitCore.java:137)\r\n\tat com.intellij.junit4.JUnit4IdeaTestRunner.startRunnerWithArgs(JUnit4IdeaTestRunner.java:68)\r\n\tat com.intellij.rt.junit.IdeaTestRunner$Repeater.startRunnerWithArgs(IdeaTestRunner.java:33)\r\n\tat com.intellij.rt.junit.JUnitStarter.prepareStreamsAndStart(JUnitStarter.java:230)\r\n\tat com.intellij.rt.junit.JUnitStarter.main(JUnitStarter.java:58)\r\nCaused by: java.lang.reflect.InvocationTargetException\r\n\tat sun.reflect.NativeConstructorAccessorImpl.newInstance0(Native Method)\r\n\tat sun.reflect.NativeConstructorAccessorImpl.newInstance(NativeConstructorAccessorImpl.java:62)\r\n\tat sun.reflect.DelegatingConstructorAccessorImpl.newInstance(DelegatingConstructorAccessorImpl.java:45)\r\n\tat java.lang.reflect.Constructor.newInstance(Constructor.java:423)\r\n\tat cucumber.runtime.java.DefaultJavaObjectFactory.cacheNewInstance(DefaultJavaObjectFactory.java:40)\r\n\t... 31 more\r\nCaused by: java.io.FileNotFoundException: C:\\Jenkinspath\\testData.json (The system cannot find the path specified)\r\n\tat java.io.FileInputStream.open0(Native Method)\r\n\tat java.io.FileInputStream.open(FileInputStream.java:195)\r\n\tat java.io.FileInputStream.\u003cinit\u003e(FileInputStream.java:138)\r\n\tat java.io.FileInputStream.\u003cinit\u003e(FileInputStream.java:93)\r\n\tat java.io.FileReader.\u003cinit\u003e(FileReader.java:58)\r\n\tat resources.Utils.\u003cinit\u003e(Utils.java:24)\r\n\tat stepDefinations.StepDefination.\u003cinit\u003e(StepDefination.java:38)\r\n\t... 36 more\r\n",
              "duration": 1215800,
              "status": "failed"
            },
            "line": 4,
            "name": "create content Payload with \"test3\"  \"TextBook\" \"application/vnd.ekstep.content-collection\"",
            "match": {
              "arguments": [
                {
                  "val": "\"test3\"",
                  "offset": 28
                },
                {
                  "val": "\"TextBook\"",
                  "offset": 37
                },
                {
                  "val": "\"application/vnd.ekstep.content-collection\"",
                  "offset": 48
                }
              ],
              "location": "StepDefination.createContentPayloadWith(String,String,String)"
            },
            "keyword": "Given "
          },
          {
            "result": {
              "duration": 935300,
              "status": "skipped"
            },
            "line": 5,
            "name": "user calls \"createContentAPI\" with \"POST\" http request",
            "match": {
              "arguments": [
                {
                  "val": "\"createContentAPI\"",
                  "offset": 11
                },
                {
                  "val": "\"POST\"",
                  "offset": 35
                }
              ],
              "location": "StepDefination.user_calls_with_http_request(String,String)"
            },
            "keyword": "When "
          },
          {
            "result": {
              "duration": 713400,
              "status": "skipped"
            },
            "line": 6,
            "name": "the API call got success with status code 200",
            "match": {
              "arguments": [
                {
                  "val": "200",
                  "offset": 42
                }
              ],
              "location": "StepDefination.the_API_call_got_success_with_status_code(Integer)"
            },
            "keyword": "Then "
          },
          {
            "result": {
              "duration": 419700,
              "status": "skipped"
            },
            "line": 7,
            "name": "\"responseCode\" in response body is \"OK\"",
            "match": {
              "arguments": [
                {
                  "val": "\"responseCode\"",
                  "offset": 0
                },
                {
                  "val": "\"OK\"",
                  "offset": 35
                }
              ],
              "location": "StepDefination.in_response_body_is(String,String)"
            },
            "keyword": "And "
          },
          {
            "result": {
              "duration": 427600,
              "status": "skipped"
            },
            "line": 8,
            "name": "verify do_id created maps to \"test3\" using \"getContentAPI\"",
            "match": {
              "arguments": [
                {
                  "val": "\"test3\"",
                  "offset": 29
                },
                {
                  "val": "\"getContentAPI\"",
                  "offset": 43
                }
              ],
              "location": "StepDefination.verifyDo_idCreatedMapsToUsing(String,String)"
            },
            "keyword": "And "
          }
        ],
        "tags": [
          {
            "name": "@createContent"
          },
          {
            "name": "@Regression"
          }
        ]
      },
      {
        "start_timestamp": "2021-05-11T04:29:15.093Z",
        "line": 17,
        "name": "Verify if update Content functionality is working",
        "description": "",
        "id": "validating-content-api-s;verify-if-update-content-functionality-is-working",
        "type": "scenario",
        "keyword": "Scenario",
        "steps": [
          {
            "result": {
              "error_message": "cucumber.runtime.CucumberException: Failed to instantiate class stepDefinations.StepDefination\r\n\tat cucumber.runtime.java.DefaultJavaObjectFactory.cacheNewInstance(DefaultJavaObjectFactory.java:46)\r\n\tat cucumber.runtime.java.DefaultJavaObjectFactory.getInstance(DefaultJavaObjectFactory.java:32)\r\n\tat cucumber.runtime.java.JavaStepDefinition.execute(JavaStepDefinition.java:57)\r\n\tat cucumber.runner.PickleStepDefinitionMatch.runStep(PickleStepDefinitionMatch.java:50)\r\n\tat cucumber.runner.TestStep.executeStep(TestStep.java:65)\r\n\tat cucumber.runner.TestStep.run(TestStep.java:50)\r\n\tat cucumber.runner.PickleStepTestStep.run(PickleStepTestStep.java:43)\r\n\tat cucumber.runner.TestCase.run(TestCase.java:46)\r\n\tat cucumber.runner.Runner.runPickle(Runner.java:50)\r\n\tat io.cucumber.junit.PickleRunners$NoStepDescriptions.run(PickleRunners.java:146)\r\n\tat io.cucumber.junit.FeatureRunner.runChild(FeatureRunner.java:68)\r\n\tat io.cucumber.junit.FeatureRunner.runChild(FeatureRunner.java:23)\r\n\tat org.junit.runners.ParentRunner$3.run(ParentRunner.java:290)\r\n\tat org.junit.runners.ParentRunner$1.schedule(ParentRunner.java:71)\r\n\tat org.junit.runners.ParentRunner.runChildren(ParentRunner.java:288)\r\n\tat org.junit.runners.ParentRunner.access$000(ParentRunner.java:58)\r\n\tat org.junit.runners.ParentRunner$2.evaluate(ParentRunner.java:268)\r\n\tat org.junit.runners.ParentRunner.run(ParentRunner.java:363)\r\n\tat io.cucumber.junit.Cucumber.runChild(Cucumber.java:144)\r\n\tat io.cucumber.junit.Cucumber.runChild(Cucumber.java:65)\r\n\tat org.junit.runners.ParentRunner$3.run(ParentRunner.java:290)\r\n\tat org.junit.runners.ParentRunner$1.schedule(ParentRunner.java:71)\r\n\tat org.junit.runners.ParentRunner.runChildren(ParentRunner.java:288)\r\n\tat org.junit.runners.ParentRunner.access$000(ParentRunner.java:58)\r\n\tat org.junit.runners.ParentRunner$2.evaluate(ParentRunner.java:268)\r\n\tat io.cucumber.junit.Cucumber$RunCucumber.evaluate(Cucumber.java:174)\r\n\tat org.junit.runners.ParentRunner.run(ParentRunner.java:363)\r\n\tat org.junit.runner.JUnitCore.run(JUnitCore.java:137)\r\n\tat com.intellij.junit4.JUnit4IdeaTestRunner.startRunnerWithArgs(JUnit4IdeaTestRunner.java:68)\r\n\tat com.intellij.rt.junit.IdeaTestRunner$Repeater.startRunnerWithArgs(IdeaTestRunner.java:33)\r\n\tat com.intellij.rt.junit.JUnitStarter.prepareStreamsAndStart(JUnitStarter.java:230)\r\n\tat com.intellij.rt.junit.JUnitStarter.main(JUnitStarter.java:58)\r\nCaused by: java.lang.reflect.InvocationTargetException\r\n\tat sun.reflect.NativeConstructorAccessorImpl.newInstance0(Native Method)\r\n\tat sun.reflect.NativeConstructorAccessorImpl.newInstance(NativeConstructorAccessorImpl.java:62)\r\n\tat sun.reflect.DelegatingConstructorAccessorImpl.newInstance(DelegatingConstructorAccessorImpl.java:45)\r\n\tat java.lang.reflect.Constructor.newInstance(Constructor.java:423)\r\n\tat cucumber.runtime.java.DefaultJavaObjectFactory.cacheNewInstance(DefaultJavaObjectFactory.java:40)\r\n\t... 31 more\r\nCaused by: java.io.FileNotFoundException: C:\\Jenkinspath\\testData.json (The system cannot find the path specified)\r\n\tat java.io.FileInputStream.open0(Native Method)\r\n\tat java.io.FileInputStream.open(FileInputStream.java:195)\r\n\tat java.io.FileInputStream.\u003cinit\u003e(FileInputStream.java:138)\r\n\tat java.io.FileInputStream.\u003cinit\u003e(FileInputStream.java:93)\r\n\tat java.io.FileReader.\u003cinit\u003e(FileReader.java:58)\r\n\tat resources.Utils.\u003cinit\u003e(Utils.java:24)\r\n\tat stepDefinations.StepDefination.\u003cinit\u003e(StepDefination.java:38)\r\n\t... 36 more\r\n",
              "duration": 772600,
              "status": "failed"
            },
            "line": 19,
            "name": "update content Payload",
            "match": {
              "location": "StepDefination.updateContentPayload()"
            },
            "keyword": "Given "
          },
          {
            "result": {
              "duration": 654300,
              "status": "skipped"
            },
            "line": 20,
            "name": "user calls \"updateContentAPI\" with \"PATCH\" http request",
            "match": {
              "arguments": [
                {
                  "val": "\"updateContentAPI\"",
                  "offset": 11
                },
                {
                  "val": "\"PATCH\"",
                  "offset": 35
                }
              ],
              "location": "StepDefination.user_calls_with_http_request(String,String)"
            },
            "keyword": "When "
          },
          {
            "result": {
              "duration": 352300,
              "status": "skipped"
            },
            "line": 21,
            "name": "the API call got success with status code 200",
            "match": {
              "arguments": [
                {
                  "val": "200",
                  "offset": 42
                }
              ],
              "location": "StepDefination.the_API_call_got_success_with_status_code(Integer)"
            },
            "keyword": "Then "
          },
          {
            "result": {
              "duration": 459400,
              "status": "skipped"
            },
            "line": 22,
            "name": "\"responseCode\" in response body is \"OK\"",
            "match": {
              "arguments": [
                {
                  "val": "\"responseCode\"",
                  "offset": 0
                },
                {
                  "val": "\"OK\"",
                  "offset": 35
                }
              ],
              "location": "StepDefination.in_response_body_is(String,String)"
            },
            "keyword": "And "
          },
          {
            "result": {
              "duration": 535600,
              "status": "skipped"
            },
            "line": 23,
            "name": "verify do_id updated maps to \"Yes\" using \"getContentAPI\"",
            "match": {
              "arguments": [
                {
                  "val": "\"Yes\"",
                  "offset": 29
                },
                {
                  "val": "\"getContentAPI\"",
                  "offset": 41
                }
              ],
              "location": "StepDefination.verifyDo_idUpdatedMapsToUsing(String,String)"
            },
            "keyword": "And "
          }
        ],
        "tags": [
          {
            "name": "@updateContent"
          },
          {
            "name": "@Regression"
          }
        ]
      },
      {
        "start_timestamp": "2021-05-11T04:29:15.103Z",
        "line": 25,
        "name": "verify search api functionality is working",
        "description": "",
        "id": "validating-content-api-s;verify-search-api-functionality-is-working",
        "type": "scenario",
        "keyword": "Scenario",
        "steps": [
          {
            "result": {
              "error_message": "cucumber.runtime.CucumberException: Failed to instantiate class stepDefinations.StepDefination\r\n\tat cucumber.runtime.java.DefaultJavaObjectFactory.cacheNewInstance(DefaultJavaObjectFactory.java:46)\r\n\tat cucumber.runtime.java.DefaultJavaObjectFactory.getInstance(DefaultJavaObjectFactory.java:32)\r\n\tat cucumber.runtime.java.JavaStepDefinition.execute(JavaStepDefinition.java:57)\r\n\tat cucumber.runner.PickleStepDefinitionMatch.runStep(PickleStepDefinitionMatch.java:50)\r\n\tat cucumber.runner.TestStep.executeStep(TestStep.java:65)\r\n\tat cucumber.runner.TestStep.run(TestStep.java:50)\r\n\tat cucumber.runner.PickleStepTestStep.run(PickleStepTestStep.java:43)\r\n\tat cucumber.runner.TestCase.run(TestCase.java:46)\r\n\tat cucumber.runner.Runner.runPickle(Runner.java:50)\r\n\tat io.cucumber.junit.PickleRunners$NoStepDescriptions.run(PickleRunners.java:146)\r\n\tat io.cucumber.junit.FeatureRunner.runChild(FeatureRunner.java:68)\r\n\tat io.cucumber.junit.FeatureRunner.runChild(FeatureRunner.java:23)\r\n\tat org.junit.runners.ParentRunner$3.run(ParentRunner.java:290)\r\n\tat org.junit.runners.ParentRunner$1.schedule(ParentRunner.java:71)\r\n\tat org.junit.runners.ParentRunner.runChildren(ParentRunner.java:288)\r\n\tat org.junit.runners.ParentRunner.access$000(ParentRunner.java:58)\r\n\tat org.junit.runners.ParentRunner$2.evaluate(ParentRunner.java:268)\r\n\tat org.junit.runners.ParentRunner.run(ParentRunner.java:363)\r\n\tat io.cucumber.junit.Cucumber.runChild(Cucumber.java:144)\r\n\tat io.cucumber.junit.Cucumber.runChild(Cucumber.java:65)\r\n\tat org.junit.runners.ParentRunner$3.run(ParentRunner.java:290)\r\n\tat org.junit.runners.ParentRunner$1.schedule(ParentRunner.java:71)\r\n\tat org.junit.runners.ParentRunner.runChildren(ParentRunner.java:288)\r\n\tat org.junit.runners.ParentRunner.access$000(ParentRunner.java:58)\r\n\tat org.junit.runners.ParentRunner$2.evaluate(ParentRunner.java:268)\r\n\tat io.cucumber.junit.Cucumber$RunCucumber.evaluate(Cucumber.java:174)\r\n\tat org.junit.runners.ParentRunner.run(ParentRunner.java:363)\r\n\tat org.junit.runner.JUnitCore.run(JUnitCore.java:137)\r\n\tat com.intellij.junit4.JUnit4IdeaTestRunner.startRunnerWithArgs(JUnit4IdeaTestRunner.java:68)\r\n\tat com.intellij.rt.junit.IdeaTestRunner$Repeater.startRunnerWithArgs(IdeaTestRunner.java:33)\r\n\tat com.intellij.rt.junit.JUnitStarter.prepareStreamsAndStart(JUnitStarter.java:230)\r\n\tat com.intellij.rt.junit.JUnitStarter.main(JUnitStarter.java:58)\r\nCaused by: java.lang.reflect.InvocationTargetException\r\n\tat sun.reflect.NativeConstructorAccessorImpl.newInstance0(Native Method)\r\n\tat sun.reflect.NativeConstructorAccessorImpl.newInstance(NativeConstructorAccessorImpl.java:62)\r\n\tat sun.reflect.DelegatingConstructorAccessorImpl.newInstance(DelegatingConstructorAccessorImpl.java:45)\r\n\tat java.lang.reflect.Constructor.newInstance(Constructor.java:423)\r\n\tat cucumber.runtime.java.DefaultJavaObjectFactory.cacheNewInstance(DefaultJavaObjectFactory.java:40)\r\n\t... 31 more\r\nCaused by: java.io.FileNotFoundException: C:\\Jenkinspath\\testData.json (The system cannot find the path specified)\r\n\tat java.io.FileInputStream.open0(Native Method)\r\n\tat java.io.FileInputStream.open(FileInputStream.java:195)\r\n\tat java.io.FileInputStream.\u003cinit\u003e(FileInputStream.java:138)\r\n\tat java.io.FileInputStream.\u003cinit\u003e(FileInputStream.java:93)\r\n\tat java.io.FileReader.\u003cinit\u003e(FileReader.java:58)\r\n\tat resources.Utils.\u003cinit\u003e(Utils.java:24)\r\n\tat stepDefinations.StepDefination.\u003cinit\u003e(StepDefination.java:38)\r\n\t... 36 more\r\n",
              "duration": 1202100,
              "status": "failed"
            },
            "line": 26,
            "name": "search content payload",
            "match": {
              "location": "StepDefination.searchContentPayload()"
            },
            "keyword": "Given "
          },
          {
            "result": {
              "duration": 682800,
              "status": "skipped"
            },
            "line": 27,
            "name": "user calls \"searchContentAPI\" with \"POST\" http request",
            "match": {
              "arguments": [
                {
                  "val": "\"searchContentAPI\"",
                  "offset": 11
                },
                {
                  "val": "\"POST\"",
                  "offset": 35
                }
              ],
              "location": "StepDefination.user_calls_with_http_request(String,String)"
            },
            "keyword": "When "
          },
          {
            "result": {
              "duration": 614300,
              "status": "skipped"
            },
            "line": 28,
            "name": "the API call got success with status code 200",
            "match": {
              "arguments": [
                {
                  "val": "200",
                  "offset": 42
                }
              ],
              "location": "StepDefination.the_API_call_got_success_with_status_code(Integer)"
            },
            "keyword": "Then "
          },
          {
            "result": {
              "duration": 646200,
              "status": "skipped"
            },
            "line": 29,
            "name": "\"responseCode\" in response body is \"OK\"",
            "match": {
              "arguments": [
                {
                  "val": "\"responseCode\"",
                  "offset": 0
                },
                {
                  "val": "\"OK\"",
                  "offset": 35
                }
              ],
              "location": "StepDefination.in_response_body_is(String,String)"
            },
            "keyword": "And "
          }
        ]
      }
    ],
    "name": "Validating content API\u0027s",
    "description": "",
    "id": "validating-content-api-s",
    "keyword": "Feature",
    "uri": "file:src/test/java/features/contentCreationUpdation.feature",
    "tags": []
  },
  {
    "line": 1,
    "elements": [
      {
        "start_timestamp": "2021-05-11T04:29:15.114Z",
        "line": 11,
        "name": "checking course enroll api working properly",
        "description": "",
        "id": "validating-course-apis;checking-course-enroll-api-working-properly;;2",
        "type": "scenario",
        "keyword": "Scenario Outline",
        "steps": [
          {
            "result": {
              "error_message": "cucumber.runtime.CucumberException: Failed to instantiate class stepDefinations.StepDefination\r\n\tat cucumber.runtime.java.DefaultJavaObjectFactory.cacheNewInstance(DefaultJavaObjectFactory.java:46)\r\n\tat cucumber.runtime.java.DefaultJavaObjectFactory.getInstance(DefaultJavaObjectFactory.java:32)\r\n\tat cucumber.runtime.java.JavaStepDefinition.execute(JavaStepDefinition.java:57)\r\n\tat cucumber.runner.PickleStepDefinitionMatch.runStep(PickleStepDefinitionMatch.java:50)\r\n\tat cucumber.runner.TestStep.executeStep(TestStep.java:65)\r\n\tat cucumber.runner.TestStep.run(TestStep.java:50)\r\n\tat cucumber.runner.PickleStepTestStep.run(PickleStepTestStep.java:43)\r\n\tat cucumber.runner.TestCase.run(TestCase.java:46)\r\n\tat cucumber.runner.Runner.runPickle(Runner.java:50)\r\n\tat io.cucumber.junit.PickleRunners$NoStepDescriptions.run(PickleRunners.java:146)\r\n\tat io.cucumber.junit.FeatureRunner.runChild(FeatureRunner.java:68)\r\n\tat io.cucumber.junit.FeatureRunner.runChild(FeatureRunner.java:23)\r\n\tat org.junit.runners.ParentRunner$3.run(ParentRunner.java:290)\r\n\tat org.junit.runners.ParentRunner$1.schedule(ParentRunner.java:71)\r\n\tat org.junit.runners.ParentRunner.runChildren(ParentRunner.java:288)\r\n\tat org.junit.runners.ParentRunner.access$000(ParentRunner.java:58)\r\n\tat org.junit.runners.ParentRunner$2.evaluate(ParentRunner.java:268)\r\n\tat org.junit.runners.ParentRunner.run(ParentRunner.java:363)\r\n\tat io.cucumber.junit.Cucumber.runChild(Cucumber.java:144)\r\n\tat io.cucumber.junit.Cucumber.runChild(Cucumber.java:65)\r\n\tat org.junit.runners.ParentRunner$3.run(ParentRunner.java:290)\r\n\tat org.junit.runners.ParentRunner$1.schedule(ParentRunner.java:71)\r\n\tat org.junit.runners.ParentRunner.runChildren(ParentRunner.java:288)\r\n\tat org.junit.runners.ParentRunner.access$000(ParentRunner.java:58)\r\n\tat org.junit.runners.ParentRunner$2.evaluate(ParentRunner.java:268)\r\n\tat io.cucumber.junit.Cucumber$RunCucumber.evaluate(Cucumber.java:174)\r\n\tat org.junit.runners.ParentRunner.run(ParentRunner.java:363)\r\n\tat org.junit.runner.JUnitCore.run(JUnitCore.java:137)\r\n\tat com.intellij.junit4.JUnit4IdeaTestRunner.startRunnerWithArgs(JUnit4IdeaTestRunner.java:68)\r\n\tat com.intellij.rt.junit.IdeaTestRunner$Repeater.startRunnerWithArgs(IdeaTestRunner.java:33)\r\n\tat com.intellij.rt.junit.JUnitStarter.prepareStreamsAndStart(JUnitStarter.java:230)\r\n\tat com.intellij.rt.junit.JUnitStarter.main(JUnitStarter.java:58)\r\nCaused by: java.lang.reflect.InvocationTargetException\r\n\tat sun.reflect.NativeConstructorAccessorImpl.newInstance0(Native Method)\r\n\tat sun.reflect.NativeConstructorAccessorImpl.newInstance(NativeConstructorAccessorImpl.java:62)\r\n\tat sun.reflect.DelegatingConstructorAccessorImpl.newInstance(DelegatingConstructorAccessorImpl.java:45)\r\n\tat java.lang.reflect.Constructor.newInstance(Constructor.java:423)\r\n\tat cucumber.runtime.java.DefaultJavaObjectFactory.cacheNewInstance(DefaultJavaObjectFactory.java:40)\r\n\t... 31 more\r\nCaused by: java.io.FileNotFoundException: C:\\Jenkinspath\\testData.json (The system cannot find the path specified)\r\n\tat java.io.FileInputStream.open0(Native Method)\r\n\tat java.io.FileInputStream.open(FileInputStream.java:195)\r\n\tat java.io.FileInputStream.\u003cinit\u003e(FileInputStream.java:138)\r\n\tat java.io.FileInputStream.\u003cinit\u003e(FileInputStream.java:93)\r\n\tat java.io.FileReader.\u003cinit\u003e(FileReader.java:58)\r\n\tat resources.Utils.\u003cinit\u003e(Utils.java:24)\r\n\tat stepDefinations.StepDefination.\u003cinit\u003e(StepDefination.java:38)\r\n\t... 36 more\r\n",
              "duration": 1124000,
              "status": "failed"
            },
            "line": 4,
            "name": "create courseEnroll payload with \"do_2130680468299530241752\"  \"01327385116807168016\" \"9bb884fc-8a56-4727-9522-25a7d5b8ea06\"",
            "match": {
              "arguments": [
                {
                  "val": "\"do_2130680468299530241752\"",
                  "offset": 33
                },
                {
                  "val": "\"01327385116807168016\"",
                  "offset": 62
                },
                {
                  "val": "\"9bb884fc-8a56-4727-9522-25a7d5b8ea06\"",
                  "offset": 85
                }
              ],
              "location": "StepDefination.createcourseEnrollWith(String,String,String)"
            },
            "keyword": "Given "
          },
          {
            "result": {
              "duration": 737300,
              "status": "skipped"
            },
            "line": 5,
            "name": "user calls \"courseEnrollAPI\" with \"POST\" http request",
            "match": {
              "arguments": [
                {
                  "val": "\"courseEnrollAPI\"",
                  "offset": 11
                },
                {
                  "val": "\"POST\"",
                  "offset": 34
                }
              ],
              "location": "StepDefination.user_calls_with_http_request(String,String)"
            },
            "keyword": "When "
          },
          {
            "result": {
              "duration": 519700,
              "status": "skipped"
            },
            "line": 6,
            "name": "the API call got success with status code 200",
            "match": {
              "arguments": [
                {
                  "val": "200",
                  "offset": 42
                }
              ],
              "location": "StepDefination.the_API_call_got_success_with_status_code(Integer)"
            },
            "keyword": "Then "
          },
          {
            "result": {
              "duration": 658100,
              "status": "skipped"
            },
            "line": 7,
            "name": "\"responseCode\" in response body is \"OK\"",
            "match": {
              "arguments": [
                {
                  "val": "\"responseCode\"",
                  "offset": 0
                },
                {
                  "val": "\"OK\"",
                  "offset": 35
                }
              ],
              "location": "StepDefination.in_response_body_is(String,String)"
            },
            "keyword": "And "
          }
        ]
      },
      {
        "start_timestamp": "2021-05-11T04:29:15.131Z",
        "line": 22,
        "name": "checking course umenroll api working properly",
        "description": "",
        "id": "validating-course-apis;checking-course-umenroll-api-working-properly;;2",
        "type": "scenario",
        "keyword": "Scenario Outline",
        "steps": [
          {
            "result": {
              "error_message": "cucumber.runtime.CucumberException: Failed to instantiate class stepDefinations.StepDefination\r\n\tat cucumber.runtime.java.DefaultJavaObjectFactory.cacheNewInstance(DefaultJavaObjectFactory.java:46)\r\n\tat cucumber.runtime.java.DefaultJavaObjectFactory.getInstance(DefaultJavaObjectFactory.java:32)\r\n\tat cucumber.runtime.java.JavaStepDefinition.execute(JavaStepDefinition.java:57)\r\n\tat cucumber.runner.PickleStepDefinitionMatch.runStep(PickleStepDefinitionMatch.java:50)\r\n\tat cucumber.runner.TestStep.executeStep(TestStep.java:65)\r\n\tat cucumber.runner.TestStep.run(TestStep.java:50)\r\n\tat cucumber.runner.PickleStepTestStep.run(PickleStepTestStep.java:43)\r\n\tat cucumber.runner.TestCase.run(TestCase.java:46)\r\n\tat cucumber.runner.Runner.runPickle(Runner.java:50)\r\n\tat io.cucumber.junit.PickleRunners$NoStepDescriptions.run(PickleRunners.java:146)\r\n\tat io.cucumber.junit.FeatureRunner.runChild(FeatureRunner.java:68)\r\n\tat io.cucumber.junit.FeatureRunner.runChild(FeatureRunner.java:23)\r\n\tat org.junit.runners.ParentRunner$3.run(ParentRunner.java:290)\r\n\tat org.junit.runners.ParentRunner$1.schedule(ParentRunner.java:71)\r\n\tat org.junit.runners.ParentRunner.runChildren(ParentRunner.java:288)\r\n\tat org.junit.runners.ParentRunner.access$000(ParentRunner.java:58)\r\n\tat org.junit.runners.ParentRunner$2.evaluate(ParentRunner.java:268)\r\n\tat org.junit.runners.ParentRunner.run(ParentRunner.java:363)\r\n\tat io.cucumber.junit.Cucumber.runChild(Cucumber.java:144)\r\n\tat io.cucumber.junit.Cucumber.runChild(Cucumber.java:65)\r\n\tat org.junit.runners.ParentRunner$3.run(ParentRunner.java:290)\r\n\tat org.junit.runners.ParentRunner$1.schedule(ParentRunner.java:71)\r\n\tat org.junit.runners.ParentRunner.runChildren(ParentRunner.java:288)\r\n\tat org.junit.runners.ParentRunner.access$000(ParentRunner.java:58)\r\n\tat org.junit.runners.ParentRunner$2.evaluate(ParentRunner.java:268)\r\n\tat io.cucumber.junit.Cucumber$RunCucumber.evaluate(Cucumber.java:174)\r\n\tat org.junit.runners.ParentRunner.run(ParentRunner.java:363)\r\n\tat org.junit.runner.JUnitCore.run(JUnitCore.java:137)\r\n\tat com.intellij.junit4.JUnit4IdeaTestRunner.startRunnerWithArgs(JUnit4IdeaTestRunner.java:68)\r\n\tat com.intellij.rt.junit.IdeaTestRunner$Repeater.startRunnerWithArgs(IdeaTestRunner.java:33)\r\n\tat com.intellij.rt.junit.JUnitStarter.prepareStreamsAndStart(JUnitStarter.java:230)\r\n\tat com.intellij.rt.junit.JUnitStarter.main(JUnitStarter.java:58)\r\nCaused by: java.lang.reflect.InvocationTargetException\r\n\tat sun.reflect.NativeConstructorAccessorImpl.newInstance0(Native Method)\r\n\tat sun.reflect.NativeConstructorAccessorImpl.newInstance(NativeConstructorAccessorImpl.java:62)\r\n\tat sun.reflect.DelegatingConstructorAccessorImpl.newInstance(DelegatingConstructorAccessorImpl.java:45)\r\n\tat java.lang.reflect.Constructor.newInstance(Constructor.java:423)\r\n\tat cucumber.runtime.java.DefaultJavaObjectFactory.cacheNewInstance(DefaultJavaObjectFactory.java:40)\r\n\t... 31 more\r\nCaused by: java.io.FileNotFoundException: C:\\Jenkinspath\\testData.json (The system cannot find the path specified)\r\n\tat java.io.FileInputStream.open0(Native Method)\r\n\tat java.io.FileInputStream.open(FileInputStream.java:195)\r\n\tat java.io.FileInputStream.\u003cinit\u003e(FileInputStream.java:138)\r\n\tat java.io.FileInputStream.\u003cinit\u003e(FileInputStream.java:93)\r\n\tat java.io.FileReader.\u003cinit\u003e(FileReader.java:58)\r\n\tat resources.Utils.\u003cinit\u003e(Utils.java:24)\r\n\tat stepDefinations.StepDefination.\u003cinit\u003e(StepDefination.java:38)\r\n\t... 36 more\r\n",
              "duration": 1231000,
              "status": "failed"
            },
            "line": 15,
            "name": "create courseUnEnroll payload with \"do_2130680468299530241752\"  \"01327385116807168016\" \"9bb884fc-8a56-4727-9522-25a7d5b8ea06\"",
            "match": {
              "arguments": [
                {
                  "val": "\"do_2130680468299530241752\"",
                  "offset": 35
                },
                {
                  "val": "\"01327385116807168016\"",
                  "offset": 64
                },
                {
                  "val": "\"9bb884fc-8a56-4727-9522-25a7d5b8ea06\"",
                  "offset": 87
                }
              ],
              "location": "StepDefination.createcourseUnEnrollWith(String,String,String)"
            },
            "keyword": "Given "
          },
          {
            "result": {
              "duration": 602800,
              "status": "skipped"
            },
            "line": 16,
            "name": "user calls \"courseUnEnrollAPI\" with \"POST\" http request",
            "match": {
              "arguments": [
                {
                  "val": "\"courseUnEnrollAPI\"",
                  "offset": 11
                },
                {
                  "val": "\"POST\"",
                  "offset": 36
                }
              ],
              "location": "StepDefination.user_calls_with_http_request(String,String)"
            },
            "keyword": "When "
          },
          {
            "result": {
              "duration": 517500,
              "status": "skipped"
            },
            "line": 17,
            "name": "the API call got success with status code 200",
            "match": {
              "arguments": [
                {
                  "val": "200",
                  "offset": 42
                }
              ],
              "location": "StepDefination.the_API_call_got_success_with_status_code(Integer)"
            },
            "keyword": "Then "
          },
          {
            "result": {
              "duration": 532300,
              "status": "skipped"
            },
            "line": 18,
            "name": "\"responseCode\" in response body is \"OK\"",
            "match": {
              "arguments": [
                {
                  "val": "\"responseCode\"",
                  "offset": 0
                },
                {
                  "val": "\"OK\"",
                  "offset": 35
                }
              ],
              "location": "StepDefination.in_response_body_is(String,String)"
            },
            "keyword": "And "
          }
        ]
      }
    ],
    "name": "validating course apis",
    "description": "",
    "id": "validating-course-apis",
    "keyword": "Feature",
    "uri": "file:src/test/java/features/course.feature",
    "tags": []
  },
  {
    "line": 1,
    "elements": [
      {
        "start_timestamp": "2021-05-11T04:29:15.148Z",
        "line": 11,
        "name": "checking group creation api working properly",
        "description": "",
        "id": "validating-group-apis;checking-group-creation-api-working-properly;;2",
        "type": "scenario",
        "keyword": "Scenario Outline",
        "steps": [
          {
            "result": {
              "error_message": "cucumber.runtime.CucumberException: Failed to instantiate class stepDefinations.StepDefination\r\n\tat cucumber.runtime.java.DefaultJavaObjectFactory.cacheNewInstance(DefaultJavaObjectFactory.java:46)\r\n\tat cucumber.runtime.java.DefaultJavaObjectFactory.getInstance(DefaultJavaObjectFactory.java:32)\r\n\tat cucumber.runtime.java.JavaStepDefinition.execute(JavaStepDefinition.java:57)\r\n\tat cucumber.runner.PickleStepDefinitionMatch.runStep(PickleStepDefinitionMatch.java:50)\r\n\tat cucumber.runner.TestStep.executeStep(TestStep.java:65)\r\n\tat cucumber.runner.TestStep.run(TestStep.java:50)\r\n\tat cucumber.runner.PickleStepTestStep.run(PickleStepTestStep.java:43)\r\n\tat cucumber.runner.TestCase.run(TestCase.java:46)\r\n\tat cucumber.runner.Runner.runPickle(Runner.java:50)\r\n\tat io.cucumber.junit.PickleRunners$NoStepDescriptions.run(PickleRunners.java:146)\r\n\tat io.cucumber.junit.FeatureRunner.runChild(FeatureRunner.java:68)\r\n\tat io.cucumber.junit.FeatureRunner.runChild(FeatureRunner.java:23)\r\n\tat org.junit.runners.ParentRunner$3.run(ParentRunner.java:290)\r\n\tat org.junit.runners.ParentRunner$1.schedule(ParentRunner.java:71)\r\n\tat org.junit.runners.ParentRunner.runChildren(ParentRunner.java:288)\r\n\tat org.junit.runners.ParentRunner.access$000(ParentRunner.java:58)\r\n\tat org.junit.runners.ParentRunner$2.evaluate(ParentRunner.java:268)\r\n\tat org.junit.runners.ParentRunner.run(ParentRunner.java:363)\r\n\tat io.cucumber.junit.Cucumber.runChild(Cucumber.java:144)\r\n\tat io.cucumber.junit.Cucumber.runChild(Cucumber.java:65)\r\n\tat org.junit.runners.ParentRunner$3.run(ParentRunner.java:290)\r\n\tat org.junit.runners.ParentRunner$1.schedule(ParentRunner.java:71)\r\n\tat org.junit.runners.ParentRunner.runChildren(ParentRunner.java:288)\r\n\tat org.junit.runners.ParentRunner.access$000(ParentRunner.java:58)\r\n\tat org.junit.runners.ParentRunner$2.evaluate(ParentRunner.java:268)\r\n\tat io.cucumber.junit.Cucumber$RunCucumber.evaluate(Cucumber.java:174)\r\n\tat org.junit.runners.ParentRunner.run(ParentRunner.java:363)\r\n\tat org.junit.runner.JUnitCore.run(JUnitCore.java:137)\r\n\tat com.intellij.junit4.JUnit4IdeaTestRunner.startRunnerWithArgs(JUnit4IdeaTestRunner.java:68)\r\n\tat com.intellij.rt.junit.IdeaTestRunner$Repeater.startRunnerWithArgs(IdeaTestRunner.java:33)\r\n\tat com.intellij.rt.junit.JUnitStarter.prepareStreamsAndStart(JUnitStarter.java:230)\r\n\tat com.intellij.rt.junit.JUnitStarter.main(JUnitStarter.java:58)\r\nCaused by: java.lang.reflect.InvocationTargetException\r\n\tat sun.reflect.NativeConstructorAccessorImpl.newInstance0(Native Method)\r\n\tat sun.reflect.NativeConstructorAccessorImpl.newInstance(NativeConstructorAccessorImpl.java:62)\r\n\tat sun.reflect.DelegatingConstructorAccessorImpl.newInstance(DelegatingConstructorAccessorImpl.java:45)\r\n\tat java.lang.reflect.Constructor.newInstance(Constructor.java:423)\r\n\tat cucumber.runtime.java.DefaultJavaObjectFactory.cacheNewInstance(DefaultJavaObjectFactory.java:40)\r\n\t... 31 more\r\nCaused by: java.io.FileNotFoundException: C:\\Jenkinspath\\testData.json (The system cannot find the path specified)\r\n\tat java.io.FileInputStream.open0(Native Method)\r\n\tat java.io.FileInputStream.open(FileInputStream.java:195)\r\n\tat java.io.FileInputStream.\u003cinit\u003e(FileInputStream.java:138)\r\n\tat java.io.FileInputStream.\u003cinit\u003e(FileInputStream.java:93)\r\n\tat java.io.FileReader.\u003cinit\u003e(FileReader.java:58)\r\n\tat resources.Utils.\u003cinit\u003e(Utils.java:24)\r\n\tat stepDefinations.StepDefination.\u003cinit\u003e(StepDefination.java:38)\r\n\t... 36 more\r\n",
              "duration": 1192200,
              "status": "failed"
            },
            "line": 4,
            "name": "create group payload with \"automationTest\"  \"this is a testing group\"",
            "match": {
              "arguments": [
                {
                  "val": "\"automationTest\"",
                  "offset": 26
                },
                {
                  "val": "\"this is a testing group\"",
                  "offset": 44
                }
              ],
              "location": "StepDefination.createGroupPayloadWith(String,String)"
            },
            "keyword": "Given "
          },
          {
            "result": {
              "duration": 569400,
              "status": "skipped"
            },
            "line": 5,
            "name": "user calls \"createGroupAPI\" with \"POST\" http request",
            "match": {
              "arguments": [
                {
                  "val": "\"createGroupAPI\"",
                  "offset": 11
                },
                {
                  "val": "\"POST\"",
                  "offset": 33
                }
              ],
              "location": "StepDefination.user_calls_with_http_request(String,String)"
            },
            "keyword": "When "
          },
          {
            "result": {
              "duration": 497400,
              "status": "skipped"
            },
            "line": 6,
            "name": "the API call got success with status code 200",
            "match": {
              "arguments": [
                {
                  "val": "200",
                  "offset": 42
                }
              ],
              "location": "StepDefination.the_API_call_got_success_with_status_code(Integer)"
            },
            "keyword": "Then "
          },
          {
            "result": {
              "duration": 551400,
              "status": "skipped"
            },
            "line": 7,
            "name": "\"responseCode\" in response body is \"OK\"",
            "match": {
              "arguments": [
                {
                  "val": "\"responseCode\"",
                  "offset": 0
                },
                {
                  "val": "\"OK\"",
                  "offset": 35
                }
              ],
              "location": "StepDefination.in_response_body_is(String,String)"
            },
            "keyword": "And "
          }
        ]
      },
      {
        "start_timestamp": "2021-05-11T04:29:15.172Z",
        "line": 22,
        "name": "checking group list by userId",
        "description": "",
        "id": "validating-group-apis;checking-group-list-by-userid;;2",
        "type": "scenario",
        "keyword": "Scenario Outline",
        "steps": [
          {
            "result": {
              "error_message": "cucumber.runtime.CucumberException: Failed to instantiate class stepDefinations.StepDefination\r\n\tat cucumber.runtime.java.DefaultJavaObjectFactory.cacheNewInstance(DefaultJavaObjectFactory.java:46)\r\n\tat cucumber.runtime.java.DefaultJavaObjectFactory.getInstance(DefaultJavaObjectFactory.java:32)\r\n\tat cucumber.runtime.java.JavaStepDefinition.execute(JavaStepDefinition.java:57)\r\n\tat cucumber.runner.PickleStepDefinitionMatch.runStep(PickleStepDefinitionMatch.java:50)\r\n\tat cucumber.runner.TestStep.executeStep(TestStep.java:65)\r\n\tat cucumber.runner.TestStep.run(TestStep.java:50)\r\n\tat cucumber.runner.PickleStepTestStep.run(PickleStepTestStep.java:43)\r\n\tat cucumber.runner.TestCase.run(TestCase.java:46)\r\n\tat cucumber.runner.Runner.runPickle(Runner.java:50)\r\n\tat io.cucumber.junit.PickleRunners$NoStepDescriptions.run(PickleRunners.java:146)\r\n\tat io.cucumber.junit.FeatureRunner.runChild(FeatureRunner.java:68)\r\n\tat io.cucumber.junit.FeatureRunner.runChild(FeatureRunner.java:23)\r\n\tat org.junit.runners.ParentRunner$3.run(ParentRunner.java:290)\r\n\tat org.junit.runners.ParentRunner$1.schedule(ParentRunner.java:71)\r\n\tat org.junit.runners.ParentRunner.runChildren(ParentRunner.java:288)\r\n\tat org.junit.runners.ParentRunner.access$000(ParentRunner.java:58)\r\n\tat org.junit.runners.ParentRunner$2.evaluate(ParentRunner.java:268)\r\n\tat org.junit.runners.ParentRunner.run(ParentRunner.java:363)\r\n\tat io.cucumber.junit.Cucumber.runChild(Cucumber.java:144)\r\n\tat io.cucumber.junit.Cucumber.runChild(Cucumber.java:65)\r\n\tat org.junit.runners.ParentRunner$3.run(ParentRunner.java:290)\r\n\tat org.junit.runners.ParentRunner$1.schedule(ParentRunner.java:71)\r\n\tat org.junit.runners.ParentRunner.runChildren(ParentRunner.java:288)\r\n\tat org.junit.runners.ParentRunner.access$000(ParentRunner.java:58)\r\n\tat org.junit.runners.ParentRunner$2.evaluate(ParentRunner.java:268)\r\n\tat io.cucumber.junit.Cucumber$RunCucumber.evaluate(Cucumber.java:174)\r\n\tat org.junit.runners.ParentRunner.run(ParentRunner.java:363)\r\n\tat org.junit.runner.JUnitCore.run(JUnitCore.java:137)\r\n\tat com.intellij.junit4.JUnit4IdeaTestRunner.startRunnerWithArgs(JUnit4IdeaTestRunner.java:68)\r\n\tat com.intellij.rt.junit.IdeaTestRunner$Repeater.startRunnerWithArgs(IdeaTestRunner.java:33)\r\n\tat com.intellij.rt.junit.JUnitStarter.prepareStreamsAndStart(JUnitStarter.java:230)\r\n\tat com.intellij.rt.junit.JUnitStarter.main(JUnitStarter.java:58)\r\nCaused by: java.lang.reflect.InvocationTargetException\r\n\tat sun.reflect.NativeConstructorAccessorImpl.newInstance0(Native Method)\r\n\tat sun.reflect.NativeConstructorAccessorImpl.newInstance(NativeConstructorAccessorImpl.java:62)\r\n\tat sun.reflect.DelegatingConstructorAccessorImpl.newInstance(DelegatingConstructorAccessorImpl.java:45)\r\n\tat java.lang.reflect.Constructor.newInstance(Constructor.java:423)\r\n\tat cucumber.runtime.java.DefaultJavaObjectFactory.cacheNewInstance(DefaultJavaObjectFactory.java:40)\r\n\t... 31 more\r\nCaused by: java.io.FileNotFoundException: C:\\Jenkinspath\\testData.json (The system cannot find the path specified)\r\n\tat java.io.FileInputStream.open0(Native Method)\r\n\tat java.io.FileInputStream.open(FileInputStream.java:195)\r\n\tat java.io.FileInputStream.\u003cinit\u003e(FileInputStream.java:138)\r\n\tat java.io.FileInputStream.\u003cinit\u003e(FileInputStream.java:93)\r\n\tat java.io.FileReader.\u003cinit\u003e(FileReader.java:58)\r\n\tat resources.Utils.\u003cinit\u003e(Utils.java:24)\r\n\tat stepDefinations.StepDefination.\u003cinit\u003e(StepDefination.java:38)\r\n\t... 36 more\r\n",
              "duration": 2223600,
              "status": "failed"
            },
            "line": 15,
            "name": "Read groupDetails with \"0ced9624-e65b-4fd0-a0d3-2f6e86dd3ef7\"",
            "match": {
              "arguments": [
                {
                  "val": "\"0ced9624-e65b-4fd0-a0d3-2f6e86dd3ef7\"",
                  "offset": 23
                }
              ],
              "location": "StepDefination.readGroupDetailsWith(String)"
            },
            "keyword": "Given "
          },
          {
            "result": {
              "duration": 548300,
              "status": "skipped"
            },
            "line": 16,
            "name": "user calls \"readGroupList\" with \"POST\" http request",
            "match": {
              "arguments": [
                {
                  "val": "\"readGroupList\"",
                  "offset": 11
                },
                {
                  "val": "\"POST\"",
                  "offset": 32
                }
              ],
              "location": "StepDefination.user_calls_with_http_request(String,String)"
            },
            "keyword": "When "
          },
          {
            "result": {
              "duration": 410300,
              "status": "skipped"
            },
            "line": 17,
            "name": "the API call got success with status code 200",
            "match": {
              "arguments": [
                {
                  "val": "200",
                  "offset": 42
                }
              ],
              "location": "StepDefination.the_API_call_got_success_with_status_code(Integer)"
            },
            "keyword": "Then "
          },
          {
            "result": {
              "duration": 406700,
              "status": "skipped"
            },
            "line": 18,
            "name": "responseCode in response body is 200",
            "match": {
              "arguments": [
                {
                  "val": "200",
                  "offset": 33
                }
              ],
              "location": "StepDefination.responsecodeInResponseBodyIs(int)"
            },
            "keyword": "And "
          }
        ]
      }
    ],
    "name": "validating group apis",
    "description": "",
    "id": "validating-group-apis",
    "keyword": "Feature",
    "uri": "file:src/test/java/features/group.feature",
    "tags": []
  },
  {
    "line": 1,
    "elements": [
      {
        "start_timestamp": "2021-05-11T04:29:15.196Z",
        "line": 9,
        "name": "GET channel API functional tests",
        "description": "",
        "id": "validating-kp-apis;get-channel-api-functional-tests;;2",
        "type": "scenario",
        "keyword": "Scenario Outline",
        "steps": [
          {
            "result": {
              "error_message": "cucumber.runtime.CucumberException: Failed to instantiate class stepDefinations.StepDefination\r\n\tat cucumber.runtime.java.DefaultJavaObjectFactory.cacheNewInstance(DefaultJavaObjectFactory.java:46)\r\n\tat cucumber.runtime.java.DefaultJavaObjectFactory.getInstance(DefaultJavaObjectFactory.java:32)\r\n\tat cucumber.runtime.java.JavaStepDefinition.execute(JavaStepDefinition.java:57)\r\n\tat cucumber.runner.PickleStepDefinitionMatch.runStep(PickleStepDefinitionMatch.java:50)\r\n\tat cucumber.runner.TestStep.executeStep(TestStep.java:65)\r\n\tat cucumber.runner.TestStep.run(TestStep.java:50)\r\n\tat cucumber.runner.PickleStepTestStep.run(PickleStepTestStep.java:43)\r\n\tat cucumber.runner.TestCase.run(TestCase.java:46)\r\n\tat cucumber.runner.Runner.runPickle(Runner.java:50)\r\n\tat io.cucumber.junit.PickleRunners$NoStepDescriptions.run(PickleRunners.java:146)\r\n\tat io.cucumber.junit.FeatureRunner.runChild(FeatureRunner.java:68)\r\n\tat io.cucumber.junit.FeatureRunner.runChild(FeatureRunner.java:23)\r\n\tat org.junit.runners.ParentRunner$3.run(ParentRunner.java:290)\r\n\tat org.junit.runners.ParentRunner$1.schedule(ParentRunner.java:71)\r\n\tat org.junit.runners.ParentRunner.runChildren(ParentRunner.java:288)\r\n\tat org.junit.runners.ParentRunner.access$000(ParentRunner.java:58)\r\n\tat org.junit.runners.ParentRunner$2.evaluate(ParentRunner.java:268)\r\n\tat org.junit.runners.ParentRunner.run(ParentRunner.java:363)\r\n\tat io.cucumber.junit.Cucumber.runChild(Cucumber.java:144)\r\n\tat io.cucumber.junit.Cucumber.runChild(Cucumber.java:65)\r\n\tat org.junit.runners.ParentRunner$3.run(ParentRunner.java:290)\r\n\tat org.junit.runners.ParentRunner$1.schedule(ParentRunner.java:71)\r\n\tat org.junit.runners.ParentRunner.runChildren(ParentRunner.java:288)\r\n\tat org.junit.runners.ParentRunner.access$000(ParentRunner.java:58)\r\n\tat org.junit.runners.ParentRunner$2.evaluate(ParentRunner.java:268)\r\n\tat io.cucumber.junit.Cucumber$RunCucumber.evaluate(Cucumber.java:174)\r\n\tat org.junit.runners.ParentRunner.run(ParentRunner.java:363)\r\n\tat org.junit.runner.JUnitCore.run(JUnitCore.java:137)\r\n\tat com.intellij.junit4.JUnit4IdeaTestRunner.startRunnerWithArgs(JUnit4IdeaTestRunner.java:68)\r\n\tat com.intellij.rt.junit.IdeaTestRunner$Repeater.startRunnerWithArgs(IdeaTestRunner.java:33)\r\n\tat com.intellij.rt.junit.JUnitStarter.prepareStreamsAndStart(JUnitStarter.java:230)\r\n\tat com.intellij.rt.junit.JUnitStarter.main(JUnitStarter.java:58)\r\nCaused by: java.lang.reflect.InvocationTargetException\r\n\tat sun.reflect.NativeConstructorAccessorImpl.newInstance0(Native Method)\r\n\tat sun.reflect.NativeConstructorAccessorImpl.newInstance(NativeConstructorAccessorImpl.java:62)\r\n\tat sun.reflect.DelegatingConstructorAccessorImpl.newInstance(DelegatingConstructorAccessorImpl.java:45)\r\n\tat java.lang.reflect.Constructor.newInstance(Constructor.java:423)\r\n\tat cucumber.runtime.java.DefaultJavaObjectFactory.cacheNewInstance(DefaultJavaObjectFactory.java:40)\r\n\t... 31 more\r\nCaused by: java.io.FileNotFoundException: C:\\Jenkinspath\\testData.json (The system cannot find the path specified)\r\n\tat java.io.FileInputStream.open0(Native Method)\r\n\tat java.io.FileInputStream.open(FileInputStream.java:195)\r\n\tat java.io.FileInputStream.\u003cinit\u003e(FileInputStream.java:138)\r\n\tat java.io.FileInputStream.\u003cinit\u003e(FileInputStream.java:93)\r\n\tat java.io.FileReader.\u003cinit\u003e(FileReader.java:58)\r\n\tat resources.Utils.\u003cinit\u003e(Utils.java:24)\r\n\tat stepDefinations.StepDefination.\u003cinit\u003e(StepDefination.java:38)\r\n\t... 36 more\r\n",
              "duration": 997100,
              "status": "failed"
            },
            "line": 3,
            "name": "Read channel api with path param \"in.ekstep\"",
            "match": {
              "arguments": [
                {
                  "val": "\"in.ekstep\"",
                  "offset": 33
                }
              ],
              "location": "StepDefination.readChannelApiWithPathParam(String)"
            },
            "keyword": "Given "
          },
          {
            "result": {
              "duration": 802500,
              "status": "skipped"
            },
            "line": 4,
            "name": "user calls \"getChannelAPI\" with \"GET\" http request",
            "match": {
              "arguments": [
                {
                  "val": "\"getChannelAPI\"",
                  "offset": 11
                },
                {
                  "val": "\"GET\"",
                  "offset": 32
                }
              ],
              "location": "StepDefination.user_calls_with_http_request(String,String)"
            },
            "keyword": "When "
          },
          {
            "result": {
              "duration": 426400,
              "status": "skipped"
            },
            "line": 5,
            "name": "the API call got success with status code 200",
            "match": {
              "arguments": [
                {
                  "val": "200",
                  "offset": 42
                }
              ],
              "location": "StepDefination.the_API_call_got_success_with_status_code(Integer)"
            },
            "keyword": "Then "
          },
          {
            "result": {
              "duration": 523800,
              "status": "skipped"
            },
            "line": 6,
            "name": "\"responseCode\" in response body is \"OK\"",
            "match": {
              "arguments": [
                {
                  "val": "\"responseCode\"",
                  "offset": 0
                },
                {
                  "val": "\"OK\"",
                  "offset": 35
                }
              ],
              "location": "StepDefination.in_response_body_is(String,String)"
            },
            "keyword": "And "
          }
        ]
      },
      {
        "start_timestamp": "2021-05-11T04:29:15.214Z",
        "line": 18,
        "name": "GET framework API functional tests",
        "description": "",
        "id": "validating-kp-apis;get-framework-api-functional-tests;;2",
        "type": "scenario",
        "keyword": "Scenario Outline",
        "steps": [
          {
            "result": {
              "error_message": "cucumber.runtime.CucumberException: Failed to instantiate class stepDefinations.StepDefination\r\n\tat cucumber.runtime.java.DefaultJavaObjectFactory.cacheNewInstance(DefaultJavaObjectFactory.java:46)\r\n\tat cucumber.runtime.java.DefaultJavaObjectFactory.getInstance(DefaultJavaObjectFactory.java:32)\r\n\tat cucumber.runtime.java.JavaStepDefinition.execute(JavaStepDefinition.java:57)\r\n\tat cucumber.runner.PickleStepDefinitionMatch.runStep(PickleStepDefinitionMatch.java:50)\r\n\tat cucumber.runner.TestStep.executeStep(TestStep.java:65)\r\n\tat cucumber.runner.TestStep.run(TestStep.java:50)\r\n\tat cucumber.runner.PickleStepTestStep.run(PickleStepTestStep.java:43)\r\n\tat cucumber.runner.TestCase.run(TestCase.java:46)\r\n\tat cucumber.runner.Runner.runPickle(Runner.java:50)\r\n\tat io.cucumber.junit.PickleRunners$NoStepDescriptions.run(PickleRunners.java:146)\r\n\tat io.cucumber.junit.FeatureRunner.runChild(FeatureRunner.java:68)\r\n\tat io.cucumber.junit.FeatureRunner.runChild(FeatureRunner.java:23)\r\n\tat org.junit.runners.ParentRunner$3.run(ParentRunner.java:290)\r\n\tat org.junit.runners.ParentRunner$1.schedule(ParentRunner.java:71)\r\n\tat org.junit.runners.ParentRunner.runChildren(ParentRunner.java:288)\r\n\tat org.junit.runners.ParentRunner.access$000(ParentRunner.java:58)\r\n\tat org.junit.runners.ParentRunner$2.evaluate(ParentRunner.java:268)\r\n\tat org.junit.runners.ParentRunner.run(ParentRunner.java:363)\r\n\tat io.cucumber.junit.Cucumber.runChild(Cucumber.java:144)\r\n\tat io.cucumber.junit.Cucumber.runChild(Cucumber.java:65)\r\n\tat org.junit.runners.ParentRunner$3.run(ParentRunner.java:290)\r\n\tat org.junit.runners.ParentRunner$1.schedule(ParentRunner.java:71)\r\n\tat org.junit.runners.ParentRunner.runChildren(ParentRunner.java:288)\r\n\tat org.junit.runners.ParentRunner.access$000(ParentRunner.java:58)\r\n\tat org.junit.runners.ParentRunner$2.evaluate(ParentRunner.java:268)\r\n\tat io.cucumber.junit.Cucumber$RunCucumber.evaluate(Cucumber.java:174)\r\n\tat org.junit.runners.ParentRunner.run(ParentRunner.java:363)\r\n\tat org.junit.runner.JUnitCore.run(JUnitCore.java:137)\r\n\tat com.intellij.junit4.JUnit4IdeaTestRunner.startRunnerWithArgs(JUnit4IdeaTestRunner.java:68)\r\n\tat com.intellij.rt.junit.IdeaTestRunner$Repeater.startRunnerWithArgs(IdeaTestRunner.java:33)\r\n\tat com.intellij.rt.junit.JUnitStarter.prepareStreamsAndStart(JUnitStarter.java:230)\r\n\tat com.intellij.rt.junit.JUnitStarter.main(JUnitStarter.java:58)\r\nCaused by: java.lang.reflect.InvocationTargetException\r\n\tat sun.reflect.NativeConstructorAccessorImpl.newInstance0(Native Method)\r\n\tat sun.reflect.NativeConstructorAccessorImpl.newInstance(NativeConstructorAccessorImpl.java:62)\r\n\tat sun.reflect.DelegatingConstructorAccessorImpl.newInstance(DelegatingConstructorAccessorImpl.java:45)\r\n\tat java.lang.reflect.Constructor.newInstance(Constructor.java:423)\r\n\tat cucumber.runtime.java.DefaultJavaObjectFactory.cacheNewInstance(DefaultJavaObjectFactory.java:40)\r\n\t... 31 more\r\nCaused by: java.io.FileNotFoundException: C:\\Jenkinspath\\testData.json (The system cannot find the path specified)\r\n\tat java.io.FileInputStream.open0(Native Method)\r\n\tat java.io.FileInputStream.open(FileInputStream.java:195)\r\n\tat java.io.FileInputStream.\u003cinit\u003e(FileInputStream.java:138)\r\n\tat java.io.FileInputStream.\u003cinit\u003e(FileInputStream.java:93)\r\n\tat java.io.FileReader.\u003cinit\u003e(FileReader.java:58)\r\n\tat resources.Utils.\u003cinit\u003e(Utils.java:24)\r\n\tat stepDefinations.StepDefination.\u003cinit\u003e(StepDefination.java:38)\r\n\t... 36 more\r\n",
              "duration": 1155800,
              "status": "failed"
            },
            "line": 12,
            "name": "Read framework api with path param \"NCF\"",
            "match": {
              "arguments": [
                {
                  "val": "\"NCF\"",
                  "offset": 35
                }
              ],
              "location": "StepDefination.readFrameworkApiWithPathParam(String)"
            },
            "keyword": "Given "
          },
          {
            "result": {
              "duration": 772800,
              "status": "skipped"
            },
            "line": 13,
            "name": "user calls \"getFrameworkAPI\" with \"GET\" http request",
            "match": {
              "arguments": [
                {
                  "val": "\"getFrameworkAPI\"",
                  "offset": 11
                },
                {
                  "val": "\"GET\"",
                  "offset": 34
                }
              ],
              "location": "StepDefination.user_calls_with_http_request(String,String)"
            },
            "keyword": "When "
          },
          {
            "result": {
              "duration": 3155700,
              "status": "skipped"
            },
            "line": 14,
            "name": "the API call got success with status code 200",
            "match": {
              "arguments": [
                {
                  "val": "200",
                  "offset": 42
                }
              ],
              "location": "StepDefination.the_API_call_got_success_with_status_code(Integer)"
            },
            "keyword": "Then "
          },
          {
            "result": {
              "duration": 1122200,
              "status": "skipped"
            },
            "line": 15,
            "name": "\"responseCode\" in response body is \"OK\"",
            "match": {
              "arguments": [
                {
                  "val": "\"responseCode\"",
                  "offset": 0
                },
                {
                  "val": "\"OK\"",
                  "offset": 35
                }
              ],
              "location": "StepDefination.in_response_body_is(String,String)"
            },
            "keyword": "And "
          }
        ]
      },
      {
        "start_timestamp": "2021-05-11T04:29:15.242Z",
        "line": 20,
        "name": "Generate DialCode API Functional Tests",
        "description": "",
        "id": "validating-kp-apis;generate-dialcode-api-functional-tests",
        "type": "scenario",
        "keyword": "Scenario",
        "steps": [
          {
            "result": {
              "error_message": "cucumber.runtime.CucumberException: Failed to instantiate class stepDefinations.StepDefination\r\n\tat cucumber.runtime.java.DefaultJavaObjectFactory.cacheNewInstance(DefaultJavaObjectFactory.java:46)\r\n\tat cucumber.runtime.java.DefaultJavaObjectFactory.getInstance(DefaultJavaObjectFactory.java:32)\r\n\tat cucumber.runtime.java.JavaStepDefinition.execute(JavaStepDefinition.java:57)\r\n\tat cucumber.runner.PickleStepDefinitionMatch.runStep(PickleStepDefinitionMatch.java:50)\r\n\tat cucumber.runner.TestStep.executeStep(TestStep.java:65)\r\n\tat cucumber.runner.TestStep.run(TestStep.java:50)\r\n\tat cucumber.runner.PickleStepTestStep.run(PickleStepTestStep.java:43)\r\n\tat cucumber.runner.TestCase.run(TestCase.java:46)\r\n\tat cucumber.runner.Runner.runPickle(Runner.java:50)\r\n\tat io.cucumber.junit.PickleRunners$NoStepDescriptions.run(PickleRunners.java:146)\r\n\tat io.cucumber.junit.FeatureRunner.runChild(FeatureRunner.java:68)\r\n\tat io.cucumber.junit.FeatureRunner.runChild(FeatureRunner.java:23)\r\n\tat org.junit.runners.ParentRunner$3.run(ParentRunner.java:290)\r\n\tat org.junit.runners.ParentRunner$1.schedule(ParentRunner.java:71)\r\n\tat org.junit.runners.ParentRunner.runChildren(ParentRunner.java:288)\r\n\tat org.junit.runners.ParentRunner.access$000(ParentRunner.java:58)\r\n\tat org.junit.runners.ParentRunner$2.evaluate(ParentRunner.java:268)\r\n\tat org.junit.runners.ParentRunner.run(ParentRunner.java:363)\r\n\tat io.cucumber.junit.Cucumber.runChild(Cucumber.java:144)\r\n\tat io.cucumber.junit.Cucumber.runChild(Cucumber.java:65)\r\n\tat org.junit.runners.ParentRunner$3.run(ParentRunner.java:290)\r\n\tat org.junit.runners.ParentRunner$1.schedule(ParentRunner.java:71)\r\n\tat org.junit.runners.ParentRunner.runChildren(ParentRunner.java:288)\r\n\tat org.junit.runners.ParentRunner.access$000(ParentRunner.java:58)\r\n\tat org.junit.runners.ParentRunner$2.evaluate(ParentRunner.java:268)\r\n\tat io.cucumber.junit.Cucumber$RunCucumber.evaluate(Cucumber.java:174)\r\n\tat org.junit.runners.ParentRunner.run(ParentRunner.java:363)\r\n\tat org.junit.runner.JUnitCore.run(JUnitCore.java:137)\r\n\tat com.intellij.junit4.JUnit4IdeaTestRunner.startRunnerWithArgs(JUnit4IdeaTestRunner.java:68)\r\n\tat com.intellij.rt.junit.IdeaTestRunner$Repeater.startRunnerWithArgs(IdeaTestRunner.java:33)\r\n\tat com.intellij.rt.junit.JUnitStarter.prepareStreamsAndStart(JUnitStarter.java:230)\r\n\tat com.intellij.rt.junit.JUnitStarter.main(JUnitStarter.java:58)\r\nCaused by: java.lang.reflect.InvocationTargetException\r\n\tat sun.reflect.NativeConstructorAccessorImpl.newInstance0(Native Method)\r\n\tat sun.reflect.NativeConstructorAccessorImpl.newInstance(NativeConstructorAccessorImpl.java:62)\r\n\tat sun.reflect.DelegatingConstructorAccessorImpl.newInstance(DelegatingConstructorAccessorImpl.java:45)\r\n\tat java.lang.reflect.Constructor.newInstance(Constructor.java:423)\r\n\tat cucumber.runtime.java.DefaultJavaObjectFactory.cacheNewInstance(DefaultJavaObjectFactory.java:40)\r\n\t... 31 more\r\nCaused by: java.io.FileNotFoundException: C:\\Jenkinspath\\testData.json (The system cannot find the path specified)\r\n\tat java.io.FileInputStream.open0(Native Method)\r\n\tat java.io.FileInputStream.open(FileInputStream.java:195)\r\n\tat java.io.FileInputStream.\u003cinit\u003e(FileInputStream.java:138)\r\n\tat java.io.FileInputStream.\u003cinit\u003e(FileInputStream.java:93)\r\n\tat java.io.FileReader.\u003cinit\u003e(FileReader.java:58)\r\n\tat resources.Utils.\u003cinit\u003e(Utils.java:24)\r\n\tat stepDefinations.StepDefination.\u003cinit\u003e(StepDefination.java:38)\r\n\t... 36 more\r\n",
              "duration": 1238600,
              "status": "failed"
            },
            "line": 21,
            "name": "Generate dialcode using payload",
            "match": {
              "location": "StepDefination.generateDialcodeUsingPayload()"
            },
            "keyword": "Given "
          },
          {
            "result": {
              "duration": 577700,
              "status": "skipped"
            },
            "line": 22,
            "name": "user calls \"generateDialCodeAPI\" with \"POST\" http request",
            "match": {
              "arguments": [
                {
                  "val": "\"generateDialCodeAPI\"",
                  "offset": 11
                },
                {
                  "val": "\"POST\"",
                  "offset": 38
                }
              ],
              "location": "StepDefination.user_calls_with_http_request(String,String)"
            },
            "keyword": "When "
          },
          {
            "result": {
              "duration": 479500,
              "status": "skipped"
            },
            "line": 23,
            "name": "the API call got success with status code 200",
            "match": {
              "arguments": [
                {
                  "val": "200",
                  "offset": 42
                }
              ],
              "location": "StepDefination.the_API_call_got_success_with_status_code(Integer)"
            },
            "keyword": "Then "
          },
          {
            "result": {
              "duration": 637200,
              "status": "skipped"
            },
            "line": 24,
            "name": "\"responseCode\" in response body is \"OK\"",
            "match": {
              "arguments": [
                {
                  "val": "\"responseCode\"",
                  "offset": 0
                },
                {
                  "val": "\"OK\"",
                  "offset": 35
                }
              ],
              "location": "StepDefination.in_response_body_is(String,String)"
            },
            "keyword": "And "
          }
        ]
      },
      {
        "start_timestamp": "2021-05-11T04:29:15.253Z",
        "line": 26,
        "name": "Add registry record API Functional Tests",
        "description": "",
        "id": "validating-kp-apis;add-registry-record-api-functional-tests",
        "type": "scenario",
        "keyword": "Scenario",
        "steps": [
          {
            "result": {
              "error_message": "cucumber.runtime.CucumberException: Failed to instantiate class stepDefinations.StepDefination\r\n\tat cucumber.runtime.java.DefaultJavaObjectFactory.cacheNewInstance(DefaultJavaObjectFactory.java:46)\r\n\tat cucumber.runtime.java.DefaultJavaObjectFactory.getInstance(DefaultJavaObjectFactory.java:32)\r\n\tat cucumber.runtime.java.JavaStepDefinition.execute(JavaStepDefinition.java:57)\r\n\tat cucumber.runner.PickleStepDefinitionMatch.runStep(PickleStepDefinitionMatch.java:50)\r\n\tat cucumber.runner.TestStep.executeStep(TestStep.java:65)\r\n\tat cucumber.runner.TestStep.run(TestStep.java:50)\r\n\tat cucumber.runner.PickleStepTestStep.run(PickleStepTestStep.java:43)\r\n\tat cucumber.runner.TestCase.run(TestCase.java:46)\r\n\tat cucumber.runner.Runner.runPickle(Runner.java:50)\r\n\tat io.cucumber.junit.PickleRunners$NoStepDescriptions.run(PickleRunners.java:146)\r\n\tat io.cucumber.junit.FeatureRunner.runChild(FeatureRunner.java:68)\r\n\tat io.cucumber.junit.FeatureRunner.runChild(FeatureRunner.java:23)\r\n\tat org.junit.runners.ParentRunner$3.run(ParentRunner.java:290)\r\n\tat org.junit.runners.ParentRunner$1.schedule(ParentRunner.java:71)\r\n\tat org.junit.runners.ParentRunner.runChildren(ParentRunner.java:288)\r\n\tat org.junit.runners.ParentRunner.access$000(ParentRunner.java:58)\r\n\tat org.junit.runners.ParentRunner$2.evaluate(ParentRunner.java:268)\r\n\tat org.junit.runners.ParentRunner.run(ParentRunner.java:363)\r\n\tat io.cucumber.junit.Cucumber.runChild(Cucumber.java:144)\r\n\tat io.cucumber.junit.Cucumber.runChild(Cucumber.java:65)\r\n\tat org.junit.runners.ParentRunner$3.run(ParentRunner.java:290)\r\n\tat org.junit.runners.ParentRunner$1.schedule(ParentRunner.java:71)\r\n\tat org.junit.runners.ParentRunner.runChildren(ParentRunner.java:288)\r\n\tat org.junit.runners.ParentRunner.access$000(ParentRunner.java:58)\r\n\tat org.junit.runners.ParentRunner$2.evaluate(ParentRunner.java:268)\r\n\tat io.cucumber.junit.Cucumber$RunCucumber.evaluate(Cucumber.java:174)\r\n\tat org.junit.runners.ParentRunner.run(ParentRunner.java:363)\r\n\tat org.junit.runner.JUnitCore.run(JUnitCore.java:137)\r\n\tat com.intellij.junit4.JUnit4IdeaTestRunner.startRunnerWithArgs(JUnit4IdeaTestRunner.java:68)\r\n\tat com.intellij.rt.junit.IdeaTestRunner$Repeater.startRunnerWithArgs(IdeaTestRunner.java:33)\r\n\tat com.intellij.rt.junit.JUnitStarter.prepareStreamsAndStart(JUnitStarter.java:230)\r\n\tat com.intellij.rt.junit.JUnitStarter.main(JUnitStarter.java:58)\r\nCaused by: java.lang.reflect.InvocationTargetException\r\n\tat sun.reflect.NativeConstructorAccessorImpl.newInstance0(Native Method)\r\n\tat sun.reflect.NativeConstructorAccessorImpl.newInstance(NativeConstructorAccessorImpl.java:62)\r\n\tat sun.reflect.DelegatingConstructorAccessorImpl.newInstance(DelegatingConstructorAccessorImpl.java:45)\r\n\tat java.lang.reflect.Constructor.newInstance(Constructor.java:423)\r\n\tat cucumber.runtime.java.DefaultJavaObjectFactory.cacheNewInstance(DefaultJavaObjectFactory.java:40)\r\n\t... 31 more\r\nCaused by: java.io.FileNotFoundException: C:\\Jenkinspath\\testData.json (The system cannot find the path specified)\r\n\tat java.io.FileInputStream.open0(Native Method)\r\n\tat java.io.FileInputStream.open(FileInputStream.java:195)\r\n\tat java.io.FileInputStream.\u003cinit\u003e(FileInputStream.java:138)\r\n\tat java.io.FileInputStream.\u003cinit\u003e(FileInputStream.java:93)\r\n\tat java.io.FileReader.\u003cinit\u003e(FileReader.java:58)\r\n\tat resources.Utils.\u003cinit\u003e(Utils.java:24)\r\n\tat stepDefinations.StepDefination.\u003cinit\u003e(StepDefination.java:38)\r\n\t... 36 more\r\n",
              "duration": 1060400,
              "status": "failed"
            },
            "line": 27,
            "name": "Request registry record API with payload",
            "match": {
              "location": "StepDefination.requestRegistryRecordAPIWithPayload()"
            },
            "keyword": "Given "
          },
          {
            "result": {
              "duration": 571500,
              "status": "skipped"
            },
            "line": 28,
            "name": "user calls \"addRegistryRecordAPI\" with \"POST\" http request",
            "match": {
              "arguments": [
                {
                  "val": "\"addRegistryRecordAPI\"",
                  "offset": 11
                },
                {
                  "val": "\"POST\"",
                  "offset": 39
                }
              ],
              "location": "StepDefination.user_calls_with_http_request(String,String)"
            },
            "keyword": "When "
          },
          {
            "result": {
              "duration": 517600,
              "status": "skipped"
            },
            "line": 29,
            "name": "the API call got success with status code 200",
            "match": {
              "arguments": [
                {
                  "val": "200",
                  "offset": 42
                }
              ],
              "location": "StepDefination.the_API_call_got_success_with_status_code(Integer)"
            },
            "keyword": "Then "
          },
          {
            "result": {
              "duration": 537200,
              "status": "skipped"
            },
            "line": 30,
            "name": "\"responseCode\" in response body is \"OK\"",
            "match": {
              "arguments": [
                {
                  "val": "\"responseCode\"",
                  "offset": 0
                },
                {
                  "val": "\"OK\"",
                  "offset": 35
                }
              ],
              "location": "StepDefination.in_response_body_is(String,String)"
            },
            "keyword": "And "
          }
        ]
      },
      {
        "start_timestamp": "2021-05-11T04:29:15.264Z",
        "line": 32,
        "name": "Create License API functional tests",
        "description": "",
        "id": "validating-kp-apis;create-license-api-functional-tests",
        "type": "scenario",
        "keyword": "Scenario",
        "steps": [
          {
            "result": {
              "error_message": "cucumber.runtime.CucumberException: Failed to instantiate class stepDefinations.StepDefination\r\n\tat cucumber.runtime.java.DefaultJavaObjectFactory.cacheNewInstance(DefaultJavaObjectFactory.java:46)\r\n\tat cucumber.runtime.java.DefaultJavaObjectFactory.getInstance(DefaultJavaObjectFactory.java:32)\r\n\tat cucumber.runtime.java.JavaStepDefinition.execute(JavaStepDefinition.java:57)\r\n\tat cucumber.runner.PickleStepDefinitionMatch.runStep(PickleStepDefinitionMatch.java:50)\r\n\tat cucumber.runner.TestStep.executeStep(TestStep.java:65)\r\n\tat cucumber.runner.TestStep.run(TestStep.java:50)\r\n\tat cucumber.runner.PickleStepTestStep.run(PickleStepTestStep.java:43)\r\n\tat cucumber.runner.TestCase.run(TestCase.java:46)\r\n\tat cucumber.runner.Runner.runPickle(Runner.java:50)\r\n\tat io.cucumber.junit.PickleRunners$NoStepDescriptions.run(PickleRunners.java:146)\r\n\tat io.cucumber.junit.FeatureRunner.runChild(FeatureRunner.java:68)\r\n\tat io.cucumber.junit.FeatureRunner.runChild(FeatureRunner.java:23)\r\n\tat org.junit.runners.ParentRunner$3.run(ParentRunner.java:290)\r\n\tat org.junit.runners.ParentRunner$1.schedule(ParentRunner.java:71)\r\n\tat org.junit.runners.ParentRunner.runChildren(ParentRunner.java:288)\r\n\tat org.junit.runners.ParentRunner.access$000(ParentRunner.java:58)\r\n\tat org.junit.runners.ParentRunner$2.evaluate(ParentRunner.java:268)\r\n\tat org.junit.runners.ParentRunner.run(ParentRunner.java:363)\r\n\tat io.cucumber.junit.Cucumber.runChild(Cucumber.java:144)\r\n\tat io.cucumber.junit.Cucumber.runChild(Cucumber.java:65)\r\n\tat org.junit.runners.ParentRunner$3.run(ParentRunner.java:290)\r\n\tat org.junit.runners.ParentRunner$1.schedule(ParentRunner.java:71)\r\n\tat org.junit.runners.ParentRunner.runChildren(ParentRunner.java:288)\r\n\tat org.junit.runners.ParentRunner.access$000(ParentRunner.java:58)\r\n\tat org.junit.runners.ParentRunner$2.evaluate(ParentRunner.java:268)\r\n\tat io.cucumber.junit.Cucumber$RunCucumber.evaluate(Cucumber.java:174)\r\n\tat org.junit.runners.ParentRunner.run(ParentRunner.java:363)\r\n\tat org.junit.runner.JUnitCore.run(JUnitCore.java:137)\r\n\tat com.intellij.junit4.JUnit4IdeaTestRunner.startRunnerWithArgs(JUnit4IdeaTestRunner.java:68)\r\n\tat com.intellij.rt.junit.IdeaTestRunner$Repeater.startRunnerWithArgs(IdeaTestRunner.java:33)\r\n\tat com.intellij.rt.junit.JUnitStarter.prepareStreamsAndStart(JUnitStarter.java:230)\r\n\tat com.intellij.rt.junit.JUnitStarter.main(JUnitStarter.java:58)\r\nCaused by: java.lang.reflect.InvocationTargetException\r\n\tat sun.reflect.NativeConstructorAccessorImpl.newInstance0(Native Method)\r\n\tat sun.reflect.NativeConstructorAccessorImpl.newInstance(NativeConstructorAccessorImpl.java:62)\r\n\tat sun.reflect.DelegatingConstructorAccessorImpl.newInstance(DelegatingConstructorAccessorImpl.java:45)\r\n\tat java.lang.reflect.Constructor.newInstance(Constructor.java:423)\r\n\tat cucumber.runtime.java.DefaultJavaObjectFactory.cacheNewInstance(DefaultJavaObjectFactory.java:40)\r\n\t... 31 more\r\nCaused by: java.io.FileNotFoundException: C:\\Jenkinspath\\testData.json (The system cannot find the path specified)\r\n\tat java.io.FileInputStream.open0(Native Method)\r\n\tat java.io.FileInputStream.open(FileInputStream.java:195)\r\n\tat java.io.FileInputStream.\u003cinit\u003e(FileInputStream.java:138)\r\n\tat java.io.FileInputStream.\u003cinit\u003e(FileInputStream.java:93)\r\n\tat java.io.FileReader.\u003cinit\u003e(FileReader.java:58)\r\n\tat resources.Utils.\u003cinit\u003e(Utils.java:24)\r\n\tat stepDefinations.StepDefination.\u003cinit\u003e(StepDefination.java:38)\r\n\t... 36 more\r\n",
              "duration": 1044300,
              "status": "failed"
            },
            "line": 33,
            "name": "Request create license api with payload",
            "match": {
              "location": "StepDefination.requestCreateLicenseApiWithPayload()"
            },
            "keyword": "Given "
          },
          {
            "result": {
              "duration": 522600,
              "status": "skipped"
            },
            "line": 34,
            "name": "user calls \"createLicenseAPI\" with \"POST\" http request",
            "match": {
              "arguments": [
                {
                  "val": "\"createLicenseAPI\"",
                  "offset": 11
                },
                {
                  "val": "\"POST\"",
                  "offset": 35
                }
              ],
              "location": "StepDefination.user_calls_with_http_request(String,String)"
            },
            "keyword": "When "
          },
          {
            "result": {
              "duration": 596500,
              "status": "skipped"
            },
            "line": 35,
            "name": "the API call got success with status code 200",
            "match": {
              "arguments": [
                {
                  "val": "200",
                  "offset": 42
                }
              ],
              "location": "StepDefination.the_API_call_got_success_with_status_code(Integer)"
            },
            "keyword": "Then "
          },
          {
            "result": {
              "duration": 293700,
              "status": "skipped"
            },
            "line": 36,
            "name": "\"responseCode\" in response body is \"OK\"",
            "match": {
              "arguments": [
                {
                  "val": "\"responseCode\"",
                  "offset": 0
                },
                {
                  "val": "\"OK\"",
                  "offset": 35
                }
              ],
              "location": "StepDefination.in_response_body_is(String,String)"
            },
            "keyword": "And "
          }
        ]
      }
    ],
    "name": "Validating KP apis",
    "description": "",
    "id": "validating-kp-apis",
    "keyword": "Feature",
    "uri": "file:src/test/java/features/kp.feature",
    "tags": []
  },
  {
    "line": 1,
    "elements": [
      {
        "start_timestamp": "2021-05-11T04:29:15.274Z",
        "line": 10,
        "name": "checking update Location api working properly",
        "description": "",
        "id": "validating-location-apis;checking-update-location-api-working-properly;;2",
        "type": "scenario",
        "keyword": "Scenario Outline",
        "steps": [
          {
            "result": {
              "error_message": "cucumber.runtime.CucumberException: Failed to instantiate class stepDefinations.StepDefination\r\n\tat cucumber.runtime.java.DefaultJavaObjectFactory.cacheNewInstance(DefaultJavaObjectFactory.java:46)\r\n\tat cucumber.runtime.java.DefaultJavaObjectFactory.getInstance(DefaultJavaObjectFactory.java:32)\r\n\tat cucumber.runtime.java.JavaStepDefinition.execute(JavaStepDefinition.java:57)\r\n\tat cucumber.runner.PickleStepDefinitionMatch.runStep(PickleStepDefinitionMatch.java:50)\r\n\tat cucumber.runner.TestStep.executeStep(TestStep.java:65)\r\n\tat cucumber.runner.TestStep.run(TestStep.java:50)\r\n\tat cucumber.runner.PickleStepTestStep.run(PickleStepTestStep.java:43)\r\n\tat cucumber.runner.TestCase.run(TestCase.java:46)\r\n\tat cucumber.runner.Runner.runPickle(Runner.java:50)\r\n\tat io.cucumber.junit.PickleRunners$NoStepDescriptions.run(PickleRunners.java:146)\r\n\tat io.cucumber.junit.FeatureRunner.runChild(FeatureRunner.java:68)\r\n\tat io.cucumber.junit.FeatureRunner.runChild(FeatureRunner.java:23)\r\n\tat org.junit.runners.ParentRunner$3.run(ParentRunner.java:290)\r\n\tat org.junit.runners.ParentRunner$1.schedule(ParentRunner.java:71)\r\n\tat org.junit.runners.ParentRunner.runChildren(ParentRunner.java:288)\r\n\tat org.junit.runners.ParentRunner.access$000(ParentRunner.java:58)\r\n\tat org.junit.runners.ParentRunner$2.evaluate(ParentRunner.java:268)\r\n\tat org.junit.runners.ParentRunner.run(ParentRunner.java:363)\r\n\tat io.cucumber.junit.Cucumber.runChild(Cucumber.java:144)\r\n\tat io.cucumber.junit.Cucumber.runChild(Cucumber.java:65)\r\n\tat org.junit.runners.ParentRunner$3.run(ParentRunner.java:290)\r\n\tat org.junit.runners.ParentRunner$1.schedule(ParentRunner.java:71)\r\n\tat org.junit.runners.ParentRunner.runChildren(ParentRunner.java:288)\r\n\tat org.junit.runners.ParentRunner.access$000(ParentRunner.java:58)\r\n\tat org.junit.runners.ParentRunner$2.evaluate(ParentRunner.java:268)\r\n\tat io.cucumber.junit.Cucumber$RunCucumber.evaluate(Cucumber.java:174)\r\n\tat org.junit.runners.ParentRunner.run(ParentRunner.java:363)\r\n\tat org.junit.runner.JUnitCore.run(JUnitCore.java:137)\r\n\tat com.intellij.junit4.JUnit4IdeaTestRunner.startRunnerWithArgs(JUnit4IdeaTestRunner.java:68)\r\n\tat com.intellij.rt.junit.IdeaTestRunner$Repeater.startRunnerWithArgs(IdeaTestRunner.java:33)\r\n\tat com.intellij.rt.junit.JUnitStarter.prepareStreamsAndStart(JUnitStarter.java:230)\r\n\tat com.intellij.rt.junit.JUnitStarter.main(JUnitStarter.java:58)\r\nCaused by: java.lang.reflect.InvocationTargetException\r\n\tat sun.reflect.NativeConstructorAccessorImpl.newInstance0(Native Method)\r\n\tat sun.reflect.NativeConstructorAccessorImpl.newInstance(NativeConstructorAccessorImpl.java:62)\r\n\tat sun.reflect.DelegatingConstructorAccessorImpl.newInstance(DelegatingConstructorAccessorImpl.java:45)\r\n\tat java.lang.reflect.Constructor.newInstance(Constructor.java:423)\r\n\tat cucumber.runtime.java.DefaultJavaObjectFactory.cacheNewInstance(DefaultJavaObjectFactory.java:40)\r\n\t... 31 more\r\nCaused by: java.io.FileNotFoundException: C:\\Jenkinspath\\testData.json (The system cannot find the path specified)\r\n\tat java.io.FileInputStream.open0(Native Method)\r\n\tat java.io.FileInputStream.open(FileInputStream.java:195)\r\n\tat java.io.FileInputStream.\u003cinit\u003e(FileInputStream.java:138)\r\n\tat java.io.FileInputStream.\u003cinit\u003e(FileInputStream.java:93)\r\n\tat java.io.FileReader.\u003cinit\u003e(FileReader.java:58)\r\n\tat resources.Utils.\u003cinit\u003e(Utils.java:24)\r\n\tat stepDefinations.StepDefination.\u003cinit\u003e(StepDefination.java:38)\r\n\t... 36 more\r\n",
              "duration": 2476400,
              "status": "failed"
            },
            "line": 4,
            "name": "update location details  payload with \"91d9baae-14f1-477a-955c-f91bd9037f0b\" \"APSTATE1\"",
            "match": {
              "arguments": [
                {
                  "val": "\"91d9baae-14f1-477a-955c-f91bd9037f0b\"",
                  "offset": 38
                },
                {
                  "val": "\"APSTATE1\"",
                  "offset": 77
                }
              ],
              "location": "StepDefination.updateLocationDetailsPayloadWith(String,String)"
            },
            "keyword": "Given "
          },
          {
            "result": {
              "duration": 495800,
              "status": "skipped"
            },
            "line": 5,
            "name": "user calls \"updateLocationAPI\" with \"PATCH\" http request",
            "match": {
              "arguments": [
                {
                  "val": "\"updateLocationAPI\"",
                  "offset": 11
                },
                {
                  "val": "\"PATCH\"",
                  "offset": 36
                }
              ],
              "location": "StepDefination.user_calls_with_http_request(String,String)"
            },
            "keyword": "When "
          },
          {
            "result": {
              "duration": 380700,
              "status": "skipped"
            },
            "line": 6,
            "name": "the API call got success with status code 200",
            "match": {
              "arguments": [
                {
                  "val": "200",
                  "offset": 42
                }
              ],
              "location": "StepDefination.the_API_call_got_success_with_status_code(Integer)"
            },
            "keyword": "Then "
          },
          {
            "result": {
              "duration": 438700,
              "status": "skipped"
            },
            "line": 7,
            "name": "\"responseCode\" in response body is \"OK\"",
            "match": {
              "arguments": [
                {
                  "val": "\"responseCode\"",
                  "offset": 0
                },
                {
                  "val": "\"OK\"",
                  "offset": 35
                }
              ],
              "location": "StepDefination.in_response_body_is(String,String)"
            },
            "keyword": "And "
          }
        ]
      }
    ],
    "name": "validating location apis",
    "description": "",
    "id": "validating-location-apis",
    "keyword": "Feature",
    "uri": "file:src/test/java/features/location.feature",
    "tags": []
  },
  {
    "line": 1,
    "elements": [
      {
        "start_timestamp": "2021-05-11T04:29:15.291Z",
        "line": 10,
        "name": "checking readOrg api working properly",
        "description": "",
        "id": "validating-org-apis;checking-readorg-api-working-properly;;2",
        "type": "scenario",
        "keyword": "Scenario Outline",
        "steps": [
          {
            "result": {
              "error_message": "cucumber.runtime.CucumberException: Failed to instantiate class stepDefinations.StepDefination\r\n\tat cucumber.runtime.java.DefaultJavaObjectFactory.cacheNewInstance(DefaultJavaObjectFactory.java:46)\r\n\tat cucumber.runtime.java.DefaultJavaObjectFactory.getInstance(DefaultJavaObjectFactory.java:32)\r\n\tat cucumber.runtime.java.JavaStepDefinition.execute(JavaStepDefinition.java:57)\r\n\tat cucumber.runner.PickleStepDefinitionMatch.runStep(PickleStepDefinitionMatch.java:50)\r\n\tat cucumber.runner.TestStep.executeStep(TestStep.java:65)\r\n\tat cucumber.runner.TestStep.run(TestStep.java:50)\r\n\tat cucumber.runner.PickleStepTestStep.run(PickleStepTestStep.java:43)\r\n\tat cucumber.runner.TestCase.run(TestCase.java:46)\r\n\tat cucumber.runner.Runner.runPickle(Runner.java:50)\r\n\tat io.cucumber.junit.PickleRunners$NoStepDescriptions.run(PickleRunners.java:146)\r\n\tat io.cucumber.junit.FeatureRunner.runChild(FeatureRunner.java:68)\r\n\tat io.cucumber.junit.FeatureRunner.runChild(FeatureRunner.java:23)\r\n\tat org.junit.runners.ParentRunner$3.run(ParentRunner.java:290)\r\n\tat org.junit.runners.ParentRunner$1.schedule(ParentRunner.java:71)\r\n\tat org.junit.runners.ParentRunner.runChildren(ParentRunner.java:288)\r\n\tat org.junit.runners.ParentRunner.access$000(ParentRunner.java:58)\r\n\tat org.junit.runners.ParentRunner$2.evaluate(ParentRunner.java:268)\r\n\tat org.junit.runners.ParentRunner.run(ParentRunner.java:363)\r\n\tat io.cucumber.junit.Cucumber.runChild(Cucumber.java:144)\r\n\tat io.cucumber.junit.Cucumber.runChild(Cucumber.java:65)\r\n\tat org.junit.runners.ParentRunner$3.run(ParentRunner.java:290)\r\n\tat org.junit.runners.ParentRunner$1.schedule(ParentRunner.java:71)\r\n\tat org.junit.runners.ParentRunner.runChildren(ParentRunner.java:288)\r\n\tat org.junit.runners.ParentRunner.access$000(ParentRunner.java:58)\r\n\tat org.junit.runners.ParentRunner$2.evaluate(ParentRunner.java:268)\r\n\tat io.cucumber.junit.Cucumber$RunCucumber.evaluate(Cucumber.java:174)\r\n\tat org.junit.runners.ParentRunner.run(ParentRunner.java:363)\r\n\tat org.junit.runner.JUnitCore.run(JUnitCore.java:137)\r\n\tat com.intellij.junit4.JUnit4IdeaTestRunner.startRunnerWithArgs(JUnit4IdeaTestRunner.java:68)\r\n\tat com.intellij.rt.junit.IdeaTestRunner$Repeater.startRunnerWithArgs(IdeaTestRunner.java:33)\r\n\tat com.intellij.rt.junit.JUnitStarter.prepareStreamsAndStart(JUnitStarter.java:230)\r\n\tat com.intellij.rt.junit.JUnitStarter.main(JUnitStarter.java:58)\r\nCaused by: java.lang.reflect.InvocationTargetException\r\n\tat sun.reflect.NativeConstructorAccessorImpl.newInstance0(Native Method)\r\n\tat sun.reflect.NativeConstructorAccessorImpl.newInstance(NativeConstructorAccessorImpl.java:62)\r\n\tat sun.reflect.DelegatingConstructorAccessorImpl.newInstance(DelegatingConstructorAccessorImpl.java:45)\r\n\tat java.lang.reflect.Constructor.newInstance(Constructor.java:423)\r\n\tat cucumber.runtime.java.DefaultJavaObjectFactory.cacheNewInstance(DefaultJavaObjectFactory.java:40)\r\n\t... 31 more\r\nCaused by: java.io.FileNotFoundException: C:\\Jenkinspath\\testData.json (The system cannot find the path specified)\r\n\tat java.io.FileInputStream.open0(Native Method)\r\n\tat java.io.FileInputStream.open(FileInputStream.java:195)\r\n\tat java.io.FileInputStream.\u003cinit\u003e(FileInputStream.java:138)\r\n\tat java.io.FileInputStream.\u003cinit\u003e(FileInputStream.java:93)\r\n\tat java.io.FileReader.\u003cinit\u003e(FileReader.java:58)\r\n\tat resources.Utils.\u003cinit\u003e(Utils.java:24)\r\n\tat stepDefinations.StepDefination.\u003cinit\u003e(StepDefination.java:38)\r\n\t... 36 more\r\n",
              "duration": 1681100,
              "status": "failed"
            },
            "line": 4,
            "name": "read org details  payload with \"01269878797503692810\"",
            "match": {
              "arguments": [
                {
                  "val": "\"01269878797503692810\"",
                  "offset": 31
                }
              ],
              "location": "StepDefination.readOrgDetailsPayloadWith(String)"
            },
            "keyword": "Given "
          },
          {
            "result": {
              "duration": 327200,
              "status": "skipped"
            },
            "line": 5,
            "name": "user calls \"readOrgAPI\" with \"POST\" http request",
            "match": {
              "arguments": [
                {
                  "val": "\"readOrgAPI\"",
                  "offset": 11
                },
                {
                  "val": "\"POST\"",
                  "offset": 29
                }
              ],
              "location": "StepDefination.user_calls_with_http_request(String,String)"
            },
            "keyword": "When "
          },
          {
            "result": {
              "duration": 251900,
              "status": "skipped"
            },
            "line": 6,
            "name": "the API call got success with status code 200",
            "match": {
              "arguments": [
                {
                  "val": "200",
                  "offset": 42
                }
              ],
              "location": "StepDefination.the_API_call_got_success_with_status_code(Integer)"
            },
            "keyword": "Then "
          },
          {
            "result": {
              "duration": 286100,
              "status": "skipped"
            },
            "line": 7,
            "name": "\"responseCode\" in response body is \"OK\"",
            "match": {
              "arguments": [
                {
                  "val": "\"responseCode\"",
                  "offset": 0
                },
                {
                  "val": "\"OK\"",
                  "offset": 35
                }
              ],
              "location": "StepDefination.in_response_body_is(String,String)"
            },
            "keyword": "And "
          }
        ]
      }
    ],
    "name": "validating org apis",
    "description": "",
    "id": "validating-org-apis",
    "keyword": "Feature",
    "uri": "file:src/test/java/features/org.feature",
    "tags": []
  },
  {
    "line": 1,
    "elements": [
      {
        "start_timestamp": "2021-05-11T04:29:15.306Z",
        "line": 11,
        "name": "checking question creation api working properly",
        "description": "",
        "id": "validating-question-apis;checking-question-creation-api-working-properly;;2",
        "type": "scenario",
        "keyword": "Scenario Outline",
        "steps": [
          {
            "result": {
              "error_message": "cucumber.runtime.CucumberException: Failed to instantiate class stepDefinations.StepDefination\r\n\tat cucumber.runtime.java.DefaultJavaObjectFactory.cacheNewInstance(DefaultJavaObjectFactory.java:46)\r\n\tat cucumber.runtime.java.DefaultJavaObjectFactory.getInstance(DefaultJavaObjectFactory.java:32)\r\n\tat cucumber.runtime.java.JavaStepDefinition.execute(JavaStepDefinition.java:57)\r\n\tat cucumber.runner.PickleStepDefinitionMatch.runStep(PickleStepDefinitionMatch.java:50)\r\n\tat cucumber.runner.TestStep.executeStep(TestStep.java:65)\r\n\tat cucumber.runner.TestStep.run(TestStep.java:50)\r\n\tat cucumber.runner.PickleStepTestStep.run(PickleStepTestStep.java:43)\r\n\tat cucumber.runner.TestCase.run(TestCase.java:46)\r\n\tat cucumber.runner.Runner.runPickle(Runner.java:50)\r\n\tat io.cucumber.junit.PickleRunners$NoStepDescriptions.run(PickleRunners.java:146)\r\n\tat io.cucumber.junit.FeatureRunner.runChild(FeatureRunner.java:68)\r\n\tat io.cucumber.junit.FeatureRunner.runChild(FeatureRunner.java:23)\r\n\tat org.junit.runners.ParentRunner$3.run(ParentRunner.java:290)\r\n\tat org.junit.runners.ParentRunner$1.schedule(ParentRunner.java:71)\r\n\tat org.junit.runners.ParentRunner.runChildren(ParentRunner.java:288)\r\n\tat org.junit.runners.ParentRunner.access$000(ParentRunner.java:58)\r\n\tat org.junit.runners.ParentRunner$2.evaluate(ParentRunner.java:268)\r\n\tat org.junit.runners.ParentRunner.run(ParentRunner.java:363)\r\n\tat io.cucumber.junit.Cucumber.runChild(Cucumber.java:144)\r\n\tat io.cucumber.junit.Cucumber.runChild(Cucumber.java:65)\r\n\tat org.junit.runners.ParentRunner$3.run(ParentRunner.java:290)\r\n\tat org.junit.runners.ParentRunner$1.schedule(ParentRunner.java:71)\r\n\tat org.junit.runners.ParentRunner.runChildren(ParentRunner.java:288)\r\n\tat org.junit.runners.ParentRunner.access$000(ParentRunner.java:58)\r\n\tat org.junit.runners.ParentRunner$2.evaluate(ParentRunner.java:268)\r\n\tat io.cucumber.junit.Cucumber$RunCucumber.evaluate(Cucumber.java:174)\r\n\tat org.junit.runners.ParentRunner.run(ParentRunner.java:363)\r\n\tat org.junit.runner.JUnitCore.run(JUnitCore.java:137)\r\n\tat com.intellij.junit4.JUnit4IdeaTestRunner.startRunnerWithArgs(JUnit4IdeaTestRunner.java:68)\r\n\tat com.intellij.rt.junit.IdeaTestRunner$Repeater.startRunnerWithArgs(IdeaTestRunner.java:33)\r\n\tat com.intellij.rt.junit.JUnitStarter.prepareStreamsAndStart(JUnitStarter.java:230)\r\n\tat com.intellij.rt.junit.JUnitStarter.main(JUnitStarter.java:58)\r\nCaused by: java.lang.reflect.InvocationTargetException\r\n\tat sun.reflect.GeneratedConstructorAccessor3.newInstance(Unknown Source)\r\n\tat sun.reflect.DelegatingConstructorAccessorImpl.newInstance(DelegatingConstructorAccessorImpl.java:45)\r\n\tat java.lang.reflect.Constructor.newInstance(Constructor.java:423)\r\n\tat cucumber.runtime.java.DefaultJavaObjectFactory.cacheNewInstance(DefaultJavaObjectFactory.java:40)\r\n\t... 31 more\r\nCaused by: java.io.FileNotFoundException: C:\\Jenkinspath\\testData.json (The system cannot find the path specified)\r\n\tat java.io.FileInputStream.open0(Native Method)\r\n\tat java.io.FileInputStream.open(FileInputStream.java:195)\r\n\tat java.io.FileInputStream.\u003cinit\u003e(FileInputStream.java:138)\r\n\tat java.io.FileInputStream.\u003cinit\u003e(FileInputStream.java:93)\r\n\tat java.io.FileReader.\u003cinit\u003e(FileReader.java:58)\r\n\tat resources.Utils.\u003cinit\u003e(Utils.java:24)\r\n\tat stepDefinations.StepDefination.\u003cinit\u003e(StepDefination.java:38)\r\n\t... 35 more\r\n",
              "duration": 1020500,
              "status": "failed"
            },
            "line": 4,
            "name": "create question payload with \"application/vnd.sunbird.question\"  \"Multiple Choice Question\"",
            "match": {
              "arguments": [
                {
                  "val": "\"application/vnd.sunbird.question\"",
                  "offset": 29
                },
                {
                  "val": "\"Multiple Choice Question\"",
                  "offset": 65
                }
              ],
              "location": "StepDefination.createQuestionPayloadWith(String,String)"
            },
            "keyword": "Given "
          },
          {
            "result": {
              "duration": 602600,
              "status": "skipped"
            },
            "line": 5,
            "name": "user calls \"createQuestionAPI\" with \"POST\" http request",
            "match": {
              "arguments": [
                {
                  "val": "\"createQuestionAPI\"",
                  "offset": 11
                },
                {
                  "val": "\"POST\"",
                  "offset": 36
                }
              ],
              "location": "StepDefination.user_calls_with_http_request(String,String)"
            },
            "keyword": "When "
          },
          {
            "result": {
              "duration": 449200,
              "status": "skipped"
            },
            "line": 6,
            "name": "the API call got success with status code 200",
            "match": {
              "arguments": [
                {
                  "val": "200",
                  "offset": 42
                }
              ],
              "location": "StepDefination.the_API_call_got_success_with_status_code(Integer)"
            },
            "keyword": "Then "
          },
          {
            "result": {
              "duration": 517000,
              "status": "skipped"
            },
            "line": 7,
            "name": "\"responseCode\" in response body is \"OK\"",
            "match": {
              "arguments": [
                {
                  "val": "\"responseCode\"",
                  "offset": 0
                },
                {
                  "val": "\"OK\"",
                  "offset": 35
                }
              ],
              "location": "StepDefination.in_response_body_is(String,String)"
            },
            "keyword": "And "
          }
        ]
      },
      {
        "start_timestamp": "2021-05-11T04:29:15.330Z",
        "line": 22,
        "name": "checking questionSet api working properly",
        "description": "",
        "id": "validating-question-apis;checking-questionset-api-working-properly;;2",
        "type": "scenario",
        "keyword": "Scenario Outline",
        "steps": [
          {
            "result": {
              "error_message": "cucumber.runtime.CucumberException: Failed to instantiate class stepDefinations.StepDefination\r\n\tat cucumber.runtime.java.DefaultJavaObjectFactory.cacheNewInstance(DefaultJavaObjectFactory.java:46)\r\n\tat cucumber.runtime.java.DefaultJavaObjectFactory.getInstance(DefaultJavaObjectFactory.java:32)\r\n\tat cucumber.runtime.java.JavaStepDefinition.execute(JavaStepDefinition.java:57)\r\n\tat cucumber.runner.PickleStepDefinitionMatch.runStep(PickleStepDefinitionMatch.java:50)\r\n\tat cucumber.runner.TestStep.executeStep(TestStep.java:65)\r\n\tat cucumber.runner.TestStep.run(TestStep.java:50)\r\n\tat cucumber.runner.PickleStepTestStep.run(PickleStepTestStep.java:43)\r\n\tat cucumber.runner.TestCase.run(TestCase.java:46)\r\n\tat cucumber.runner.Runner.runPickle(Runner.java:50)\r\n\tat io.cucumber.junit.PickleRunners$NoStepDescriptions.run(PickleRunners.java:146)\r\n\tat io.cucumber.junit.FeatureRunner.runChild(FeatureRunner.java:68)\r\n\tat io.cucumber.junit.FeatureRunner.runChild(FeatureRunner.java:23)\r\n\tat org.junit.runners.ParentRunner$3.run(ParentRunner.java:290)\r\n\tat org.junit.runners.ParentRunner$1.schedule(ParentRunner.java:71)\r\n\tat org.junit.runners.ParentRunner.runChildren(ParentRunner.java:288)\r\n\tat org.junit.runners.ParentRunner.access$000(ParentRunner.java:58)\r\n\tat org.junit.runners.ParentRunner$2.evaluate(ParentRunner.java:268)\r\n\tat org.junit.runners.ParentRunner.run(ParentRunner.java:363)\r\n\tat io.cucumber.junit.Cucumber.runChild(Cucumber.java:144)\r\n\tat io.cucumber.junit.Cucumber.runChild(Cucumber.java:65)\r\n\tat org.junit.runners.ParentRunner$3.run(ParentRunner.java:290)\r\n\tat org.junit.runners.ParentRunner$1.schedule(ParentRunner.java:71)\r\n\tat org.junit.runners.ParentRunner.runChildren(ParentRunner.java:288)\r\n\tat org.junit.runners.ParentRunner.access$000(ParentRunner.java:58)\r\n\tat org.junit.runners.ParentRunner$2.evaluate(ParentRunner.java:268)\r\n\tat io.cucumber.junit.Cucumber$RunCucumber.evaluate(Cucumber.java:174)\r\n\tat org.junit.runners.ParentRunner.run(ParentRunner.java:363)\r\n\tat org.junit.runner.JUnitCore.run(JUnitCore.java:137)\r\n\tat com.intellij.junit4.JUnit4IdeaTestRunner.startRunnerWithArgs(JUnit4IdeaTestRunner.java:68)\r\n\tat com.intellij.rt.junit.IdeaTestRunner$Repeater.startRunnerWithArgs(IdeaTestRunner.java:33)\r\n\tat com.intellij.rt.junit.JUnitStarter.prepareStreamsAndStart(JUnitStarter.java:230)\r\n\tat com.intellij.rt.junit.JUnitStarter.main(JUnitStarter.java:58)\r\nCaused by: java.lang.reflect.InvocationTargetException\r\n\tat sun.reflect.GeneratedConstructorAccessor3.newInstance(Unknown Source)\r\n\tat sun.reflect.DelegatingConstructorAccessorImpl.newInstance(DelegatingConstructorAccessorImpl.java:45)\r\n\tat java.lang.reflect.Constructor.newInstance(Constructor.java:423)\r\n\tat cucumber.runtime.java.DefaultJavaObjectFactory.cacheNewInstance(DefaultJavaObjectFactory.java:40)\r\n\t... 31 more\r\nCaused by: java.io.FileNotFoundException: C:\\Jenkinspath\\testData.json (The system cannot find the path specified)\r\n\tat java.io.FileInputStream.open0(Native Method)\r\n\tat java.io.FileInputStream.open(FileInputStream.java:195)\r\n\tat java.io.FileInputStream.\u003cinit\u003e(FileInputStream.java:138)\r\n\tat java.io.FileInputStream.\u003cinit\u003e(FileInputStream.java:93)\r\n\tat java.io.FileReader.\u003cinit\u003e(FileReader.java:58)\r\n\tat resources.Utils.\u003cinit\u003e(Utils.java:24)\r\n\tat stepDefinations.StepDefination.\u003cinit\u003e(StepDefination.java:38)\r\n\t... 35 more\r\n",
              "duration": 1521200,
              "status": "failed"
            },
            "line": 15,
            "name": "create questionset payload with \"application/vnd.sunbird.questionset\"  \"Practice Question Set\"",
            "match": {
              "arguments": [
                {
                  "val": "\"application/vnd.sunbird.questionset\"",
                  "offset": 32
                },
                {
                  "val": "\"Practice Question Set\"",
                  "offset": 71
                }
              ],
              "location": "StepDefination.createQuestionsetPayloadWith(String,String)"
            },
            "keyword": "Given "
          },
          {
            "result": {
              "duration": 486200,
              "status": "skipped"
            },
            "line": 16,
            "name": "user calls \"createQuestionSetAPI\" with \"POST\" http request",
            "match": {
              "arguments": [
                {
                  "val": "\"createQuestionSetAPI\"",
                  "offset": 11
                },
                {
                  "val": "\"POST\"",
                  "offset": 39
                }
              ],
              "location": "StepDefination.user_calls_with_http_request(String,String)"
            },
            "keyword": "When "
          },
          {
            "result": {
              "duration": 518400,
              "status": "skipped"
            },
            "line": 17,
            "name": "the API call got success with status code 200",
            "match": {
              "arguments": [
                {
                  "val": "200",
                  "offset": 42
                }
              ],
              "location": "StepDefination.the_API_call_got_success_with_status_code(Integer)"
            },
            "keyword": "Then "
          },
          {
            "result": {
              "duration": 417400,
              "status": "skipped"
            },
            "line": 18,
            "name": "\"responseCode\" in response body is \"OK\"",
            "match": {
              "arguments": [
                {
                  "val": "\"responseCode\"",
                  "offset": 0
                },
                {
                  "val": "\"OK\"",
                  "offset": 35
                }
              ],
              "location": "StepDefination.in_response_body_is(String,String)"
            },
            "keyword": "And "
          }
        ]
      }
    ],
    "name": "validating question apis",
    "description": "",
    "id": "validating-question-apis",
    "keyword": "Feature",
    "uri": "file:src/test/java/features/question.feature",
    "tags": []
  },
  {
    "line": 1,
    "elements": [
      {
        "start_timestamp": "2021-05-11T04:29:15.345Z",
        "line": 10,
        "name": "checking toc upload working properly",
        "description": "",
        "id": "validating-textbook-apis;checking-toc-upload-working-properly;;2",
        "type": "scenario",
        "keyword": "Scenario Outline",
        "steps": [
          {
            "result": {
              "error_message": "cucumber.runtime.CucumberException: Failed to instantiate class stepDefinations.StepDefination\r\n\tat cucumber.runtime.java.DefaultJavaObjectFactory.cacheNewInstance(DefaultJavaObjectFactory.java:46)\r\n\tat cucumber.runtime.java.DefaultJavaObjectFactory.getInstance(DefaultJavaObjectFactory.java:32)\r\n\tat cucumber.runtime.java.JavaStepDefinition.execute(JavaStepDefinition.java:57)\r\n\tat cucumber.runner.PickleStepDefinitionMatch.runStep(PickleStepDefinitionMatch.java:50)\r\n\tat cucumber.runner.TestStep.executeStep(TestStep.java:65)\r\n\tat cucumber.runner.TestStep.run(TestStep.java:50)\r\n\tat cucumber.runner.PickleStepTestStep.run(PickleStepTestStep.java:43)\r\n\tat cucumber.runner.TestCase.run(TestCase.java:46)\r\n\tat cucumber.runner.Runner.runPickle(Runner.java:50)\r\n\tat io.cucumber.junit.PickleRunners$NoStepDescriptions.run(PickleRunners.java:146)\r\n\tat io.cucumber.junit.FeatureRunner.runChild(FeatureRunner.java:68)\r\n\tat io.cucumber.junit.FeatureRunner.runChild(FeatureRunner.java:23)\r\n\tat org.junit.runners.ParentRunner$3.run(ParentRunner.java:290)\r\n\tat org.junit.runners.ParentRunner$1.schedule(ParentRunner.java:71)\r\n\tat org.junit.runners.ParentRunner.runChildren(ParentRunner.java:288)\r\n\tat org.junit.runners.ParentRunner.access$000(ParentRunner.java:58)\r\n\tat org.junit.runners.ParentRunner$2.evaluate(ParentRunner.java:268)\r\n\tat org.junit.runners.ParentRunner.run(ParentRunner.java:363)\r\n\tat io.cucumber.junit.Cucumber.runChild(Cucumber.java:144)\r\n\tat io.cucumber.junit.Cucumber.runChild(Cucumber.java:65)\r\n\tat org.junit.runners.ParentRunner$3.run(ParentRunner.java:290)\r\n\tat org.junit.runners.ParentRunner$1.schedule(ParentRunner.java:71)\r\n\tat org.junit.runners.ParentRunner.runChildren(ParentRunner.java:288)\r\n\tat org.junit.runners.ParentRunner.access$000(ParentRunner.java:58)\r\n\tat org.junit.runners.ParentRunner$2.evaluate(ParentRunner.java:268)\r\n\tat io.cucumber.junit.Cucumber$RunCucumber.evaluate(Cucumber.java:174)\r\n\tat org.junit.runners.ParentRunner.run(ParentRunner.java:363)\r\n\tat org.junit.runner.JUnitCore.run(JUnitCore.java:137)\r\n\tat com.intellij.junit4.JUnit4IdeaTestRunner.startRunnerWithArgs(JUnit4IdeaTestRunner.java:68)\r\n\tat com.intellij.rt.junit.IdeaTestRunner$Repeater.startRunnerWithArgs(IdeaTestRunner.java:33)\r\n\tat com.intellij.rt.junit.JUnitStarter.prepareStreamsAndStart(JUnitStarter.java:230)\r\n\tat com.intellij.rt.junit.JUnitStarter.main(JUnitStarter.java:58)\r\nCaused by: java.lang.reflect.InvocationTargetException\r\n\tat sun.reflect.GeneratedConstructorAccessor3.newInstance(Unknown Source)\r\n\tat sun.reflect.DelegatingConstructorAccessorImpl.newInstance(DelegatingConstructorAccessorImpl.java:45)\r\n\tat java.lang.reflect.Constructor.newInstance(Constructor.java:423)\r\n\tat cucumber.runtime.java.DefaultJavaObjectFactory.cacheNewInstance(DefaultJavaObjectFactory.java:40)\r\n\t... 31 more\r\nCaused by: java.io.FileNotFoundException: C:\\Jenkinspath\\testData.json (The system cannot find the path specified)\r\n\tat java.io.FileInputStream.open0(Native Method)\r\n\tat java.io.FileInputStream.open(FileInputStream.java:195)\r\n\tat java.io.FileInputStream.\u003cinit\u003e(FileInputStream.java:138)\r\n\tat java.io.FileInputStream.\u003cinit\u003e(FileInputStream.java:93)\r\n\tat java.io.FileReader.\u003cinit\u003e(FileReader.java:58)\r\n\tat resources.Utils.\u003cinit\u003e(Utils.java:24)\r\n\tat stepDefinations.StepDefination.\u003cinit\u003e(StepDefination.java:38)\r\n\t... 35 more\r\n",
              "duration": 904800,
              "status": "failed"
            },
            "line": 4,
            "name": "read toc filepath to Upload with \"do_21307515106813542413706\" as pathparam",
            "match": {
              "arguments": [
                {
                  "val": "\"do_21307515106813542413706\"",
                  "offset": 33
                }
              ],
              "location": "StepDefination.readTocFilepathToUploadWithAsPathparam(String)"
            },
            "keyword": "Given "
          },
          {
            "result": {
              "duration": 536700,
              "status": "skipped"
            },
            "line": 5,
            "name": "user calls \"tocUploadAPI\" with \"POST\" http request",
            "match": {
              "arguments": [
                {
                  "val": "\"tocUploadAPI\"",
                  "offset": 11
                },
                {
                  "val": "\"POST\"",
                  "offset": 31
                }
              ],
              "location": "StepDefination.user_calls_with_http_request(String,String)"
            },
            "keyword": "When "
          },
          {
            "result": {
              "duration": 431400,
              "status": "skipped"
            },
            "line": 6,
            "name": "the API call got success with status code 200",
            "match": {
              "arguments": [
                {
                  "val": "200",
                  "offset": 42
                }
              ],
              "location": "StepDefination.the_API_call_got_success_with_status_code(Integer)"
            },
            "keyword": "Then "
          },
          {
            "result": {
              "duration": 1156500,
              "status": "skipped"
            },
            "line": 7,
            "name": "\"responseCode\" in response body is \"OK\"",
            "match": {
              "arguments": [
                {
                  "val": "\"responseCode\"",
                  "offset": 0
                },
                {
                  "val": "\"OK\"",
                  "offset": 35
                }
              ],
              "location": "StepDefination.in_response_body_is(String,String)"
            },
            "keyword": "And "
          }
        ]
      }
    ],
    "name": "validating textBook apis",
    "description": "",
    "id": "validating-textbook-apis",
    "keyword": "Feature",
    "uri": "file:src/test/java/features/textBook.feature",
    "tags": []
  },
  {
    "line": 1,
    "elements": [
      {
        "start_timestamp": "2021-05-11T04:29:15.368Z",
        "line": 2,
        "name": "checking user creation api creating user with unique phonenumber",
        "description": "",
        "id": "validating-user-apis-are-working;checking-user-creation-api-creating-user-with-unique-phonenumber",
        "type": "scenario",
        "keyword": "Scenario",
        "steps": [
          {
            "result": {
              "error_message": "cucumber.runtime.CucumberException: Failed to instantiate class stepDefinations.StepDefination\r\n\tat cucumber.runtime.java.DefaultJavaObjectFactory.cacheNewInstance(DefaultJavaObjectFactory.java:46)\r\n\tat cucumber.runtime.java.DefaultJavaObjectFactory.getInstance(DefaultJavaObjectFactory.java:32)\r\n\tat cucumber.runtime.java.JavaStepDefinition.execute(JavaStepDefinition.java:57)\r\n\tat cucumber.runner.PickleStepDefinitionMatch.runStep(PickleStepDefinitionMatch.java:50)\r\n\tat cucumber.runner.TestStep.executeStep(TestStep.java:65)\r\n\tat cucumber.runner.TestStep.run(TestStep.java:50)\r\n\tat cucumber.runner.PickleStepTestStep.run(PickleStepTestStep.java:43)\r\n\tat cucumber.runner.TestCase.run(TestCase.java:46)\r\n\tat cucumber.runner.Runner.runPickle(Runner.java:50)\r\n\tat io.cucumber.junit.PickleRunners$NoStepDescriptions.run(PickleRunners.java:146)\r\n\tat io.cucumber.junit.FeatureRunner.runChild(FeatureRunner.java:68)\r\n\tat io.cucumber.junit.FeatureRunner.runChild(FeatureRunner.java:23)\r\n\tat org.junit.runners.ParentRunner$3.run(ParentRunner.java:290)\r\n\tat org.junit.runners.ParentRunner$1.schedule(ParentRunner.java:71)\r\n\tat org.junit.runners.ParentRunner.runChildren(ParentRunner.java:288)\r\n\tat org.junit.runners.ParentRunner.access$000(ParentRunner.java:58)\r\n\tat org.junit.runners.ParentRunner$2.evaluate(ParentRunner.java:268)\r\n\tat org.junit.runners.ParentRunner.run(ParentRunner.java:363)\r\n\tat io.cucumber.junit.Cucumber.runChild(Cucumber.java:144)\r\n\tat io.cucumber.junit.Cucumber.runChild(Cucumber.java:65)\r\n\tat org.junit.runners.ParentRunner$3.run(ParentRunner.java:290)\r\n\tat org.junit.runners.ParentRunner$1.schedule(ParentRunner.java:71)\r\n\tat org.junit.runners.ParentRunner.runChildren(ParentRunner.java:288)\r\n\tat org.junit.runners.ParentRunner.access$000(ParentRunner.java:58)\r\n\tat org.junit.runners.ParentRunner$2.evaluate(ParentRunner.java:268)\r\n\tat io.cucumber.junit.Cucumber$RunCucumber.evaluate(Cucumber.java:174)\r\n\tat org.junit.runners.ParentRunner.run(ParentRunner.java:363)\r\n\tat org.junit.runner.JUnitCore.run(JUnitCore.java:137)\r\n\tat com.intellij.junit4.JUnit4IdeaTestRunner.startRunnerWithArgs(JUnit4IdeaTestRunner.java:68)\r\n\tat com.intellij.rt.junit.IdeaTestRunner$Repeater.startRunnerWithArgs(IdeaTestRunner.java:33)\r\n\tat com.intellij.rt.junit.JUnitStarter.prepareStreamsAndStart(JUnitStarter.java:230)\r\n\tat com.intellij.rt.junit.JUnitStarter.main(JUnitStarter.java:58)\r\nCaused by: java.lang.reflect.InvocationTargetException\r\n\tat sun.reflect.GeneratedConstructorAccessor3.newInstance(Unknown Source)\r\n\tat sun.reflect.DelegatingConstructorAccessorImpl.newInstance(DelegatingConstructorAccessorImpl.java:45)\r\n\tat java.lang.reflect.Constructor.newInstance(Constructor.java:423)\r\n\tat cucumber.runtime.java.DefaultJavaObjectFactory.cacheNewInstance(DefaultJavaObjectFactory.java:40)\r\n\t... 31 more\r\nCaused by: java.io.FileNotFoundException: C:\\Jenkinspath\\testData.json (The system cannot find the path specified)\r\n\tat java.io.FileInputStream.open0(Native Method)\r\n\tat java.io.FileInputStream.open(FileInputStream.java:195)\r\n\tat java.io.FileInputStream.\u003cinit\u003e(FileInputStream.java:138)\r\n\tat java.io.FileInputStream.\u003cinit\u003e(FileInputStream.java:93)\r\n\tat java.io.FileReader.\u003cinit\u003e(FileReader.java:58)\r\n\tat resources.Utils.\u003cinit\u003e(Utils.java:24)\r\n\tat stepDefinations.StepDefination.\u003cinit\u003e(StepDefination.java:38)\r\n\t... 35 more\r\n",
              "duration": 951500,
              "status": "failed"
            },
            "line": 3,
            "name": "create user with valid phoneNumber",
            "match": {
              "location": "StepDefination.createUserWithValidPhoneNumber()"
            },
            "keyword": "Given "
          },
          {
            "result": {
              "duration": 496800,
              "status": "skipped"
            },
            "line": 4,
            "name": "user calls \"createUserAPI\" with \"POST\" http request",
            "match": {
              "arguments": [
                {
                  "val": "\"createUserAPI\"",
                  "offset": 11
                },
                {
                  "val": "\"POST\"",
                  "offset": 32
                }
              ],
              "location": "StepDefination.user_calls_with_http_request(String,String)"
            },
            "keyword": "When "
          },
          {
            "result": {
              "duration": 499200,
              "status": "skipped"
            },
            "line": 5,
            "name": "the API call got success with status code 200",
            "match": {
              "arguments": [
                {
                  "val": "200",
                  "offset": 42
                }
              ],
              "location": "StepDefination.the_API_call_got_success_with_status_code(Integer)"
            },
            "keyword": "Then "
          },
          {
            "result": {
              "duration": 460700,
              "status": "skipped"
            },
            "line": 6,
            "name": "\"responseCode\" in response body is \"OK\"",
            "match": {
              "arguments": [
                {
                  "val": "\"responseCode\"",
                  "offset": 0
                },
                {
                  "val": "\"OK\"",
                  "offset": 35
                }
              ],
              "location": "StepDefination.in_response_body_is(String,String)"
            },
            "keyword": "And "
          },
          {
            "result": {
              "duration": 377000,
              "status": "skipped"
            },
            "line": 7,
            "name": "validate userId is not null",
            "match": {
              "location": "StepDefination.validateUserIdIsNotNull()"
            },
            "keyword": "And "
          }
        ]
      },
      {
        "start_timestamp": "2021-05-11T04:29:15.385Z",
        "line": 9,
        "name": "Getting user details with getUser api",
        "description": "",
        "id": "validating-user-apis-are-working;getting-user-details-with-getuser-api",
        "type": "scenario",
        "keyword": "Scenario",
        "steps": [
          {
            "result": {
              "error_message": "cucumber.runtime.CucumberException: Failed to instantiate class stepDefinations.StepDefination\r\n\tat cucumber.runtime.java.DefaultJavaObjectFactory.cacheNewInstance(DefaultJavaObjectFactory.java:46)\r\n\tat cucumber.runtime.java.DefaultJavaObjectFactory.getInstance(DefaultJavaObjectFactory.java:32)\r\n\tat cucumber.runtime.java.JavaStepDefinition.execute(JavaStepDefinition.java:57)\r\n\tat cucumber.runner.PickleStepDefinitionMatch.runStep(PickleStepDefinitionMatch.java:50)\r\n\tat cucumber.runner.TestStep.executeStep(TestStep.java:65)\r\n\tat cucumber.runner.TestStep.run(TestStep.java:50)\r\n\tat cucumber.runner.PickleStepTestStep.run(PickleStepTestStep.java:43)\r\n\tat cucumber.runner.TestCase.run(TestCase.java:46)\r\n\tat cucumber.runner.Runner.runPickle(Runner.java:50)\r\n\tat io.cucumber.junit.PickleRunners$NoStepDescriptions.run(PickleRunners.java:146)\r\n\tat io.cucumber.junit.FeatureRunner.runChild(FeatureRunner.java:68)\r\n\tat io.cucumber.junit.FeatureRunner.runChild(FeatureRunner.java:23)\r\n\tat org.junit.runners.ParentRunner$3.run(ParentRunner.java:290)\r\n\tat org.junit.runners.ParentRunner$1.schedule(ParentRunner.java:71)\r\n\tat org.junit.runners.ParentRunner.runChildren(ParentRunner.java:288)\r\n\tat org.junit.runners.ParentRunner.access$000(ParentRunner.java:58)\r\n\tat org.junit.runners.ParentRunner$2.evaluate(ParentRunner.java:268)\r\n\tat org.junit.runners.ParentRunner.run(ParentRunner.java:363)\r\n\tat io.cucumber.junit.Cucumber.runChild(Cucumber.java:144)\r\n\tat io.cucumber.junit.Cucumber.runChild(Cucumber.java:65)\r\n\tat org.junit.runners.ParentRunner$3.run(ParentRunner.java:290)\r\n\tat org.junit.runners.ParentRunner$1.schedule(ParentRunner.java:71)\r\n\tat org.junit.runners.ParentRunner.runChildren(ParentRunner.java:288)\r\n\tat org.junit.runners.ParentRunner.access$000(ParentRunner.java:58)\r\n\tat org.junit.runners.ParentRunner$2.evaluate(ParentRunner.java:268)\r\n\tat io.cucumber.junit.Cucumber$RunCucumber.evaluate(Cucumber.java:174)\r\n\tat org.junit.runners.ParentRunner.run(ParentRunner.java:363)\r\n\tat org.junit.runner.JUnitCore.run(JUnitCore.java:137)\r\n\tat com.intellij.junit4.JUnit4IdeaTestRunner.startRunnerWithArgs(JUnit4IdeaTestRunner.java:68)\r\n\tat com.intellij.rt.junit.IdeaTestRunner$Repeater.startRunnerWithArgs(IdeaTestRunner.java:33)\r\n\tat com.intellij.rt.junit.JUnitStarter.prepareStreamsAndStart(JUnitStarter.java:230)\r\n\tat com.intellij.rt.junit.JUnitStarter.main(JUnitStarter.java:58)\r\nCaused by: java.lang.reflect.InvocationTargetException\r\n\tat sun.reflect.GeneratedConstructorAccessor3.newInstance(Unknown Source)\r\n\tat sun.reflect.DelegatingConstructorAccessorImpl.newInstance(DelegatingConstructorAccessorImpl.java:45)\r\n\tat java.lang.reflect.Constructor.newInstance(Constructor.java:423)\r\n\tat cucumber.runtime.java.DefaultJavaObjectFactory.cacheNewInstance(DefaultJavaObjectFactory.java:40)\r\n\t... 31 more\r\nCaused by: java.io.FileNotFoundException: C:\\Jenkinspath\\testData.json (The system cannot find the path specified)\r\n\tat java.io.FileInputStream.open0(Native Method)\r\n\tat java.io.FileInputStream.open(FileInputStream.java:195)\r\n\tat java.io.FileInputStream.\u003cinit\u003e(FileInputStream.java:138)\r\n\tat java.io.FileInputStream.\u003cinit\u003e(FileInputStream.java:93)\r\n\tat java.io.FileReader.\u003cinit\u003e(FileReader.java:58)\r\n\tat resources.Utils.\u003cinit\u003e(Utils.java:24)\r\n\tat stepDefinations.StepDefination.\u003cinit\u003e(StepDefination.java:38)\r\n\t... 35 more\r\n",
              "duration": 1080100,
              "status": "failed"
            },
            "line": 10,
            "name": "Read user with valid userId",
            "match": {
              "location": "StepDefination.readUserWithValid()"
            },
            "keyword": "Given "
          },
          {
            "result": {
              "duration": 514300,
              "status": "skipped"
            },
            "line": 11,
            "name": "user calls \"readUserAPI\" with \"GET\" http request",
            "match": {
              "arguments": [
                {
                  "val": "\"readUserAPI\"",
                  "offset": 11
                },
                {
                  "val": "\"GET\"",
                  "offset": 30
                }
              ],
              "location": "StepDefination.user_calls_with_http_request(String,String)"
            },
            "keyword": "When "
          },
          {
            "result": {
              "duration": 494100,
              "status": "skipped"
            },
            "line": 12,
            "name": "the API call got success with status code 200",
            "match": {
              "arguments": [
                {
                  "val": "200",
                  "offset": 42
                }
              ],
              "location": "StepDefination.the_API_call_got_success_with_status_code(Integer)"
            },
            "keyword": "Then "
          },
          {
            "result": {
              "duration": 489400,
              "status": "skipped"
            },
            "line": 13,
            "name": "\"responseCode\" in response body is \"OK\"",
            "match": {
              "arguments": [
                {
                  "val": "\"responseCode\"",
                  "offset": 0
                },
                {
                  "val": "\"OK\"",
                  "offset": 35
                }
              ],
              "location": "StepDefination.in_response_body_is(String,String)"
            },
            "keyword": "And "
          }
        ]
      },
      {
        "start_timestamp": "2021-05-11T04:29:15.396Z",
        "line": 15,
        "name": "Upadte user details with update user api",
        "description": "",
        "id": "validating-user-apis-are-working;upadte-user-details-with-update-user-api",
        "type": "scenario",
        "keyword": "Scenario",
        "steps": [
          {
            "result": {
              "error_message": "cucumber.runtime.CucumberException: Failed to instantiate class stepDefinations.StepDefination\r\n\tat cucumber.runtime.java.DefaultJavaObjectFactory.cacheNewInstance(DefaultJavaObjectFactory.java:46)\r\n\tat cucumber.runtime.java.DefaultJavaObjectFactory.getInstance(DefaultJavaObjectFactory.java:32)\r\n\tat cucumber.runtime.java.JavaStepDefinition.execute(JavaStepDefinition.java:57)\r\n\tat cucumber.runner.PickleStepDefinitionMatch.runStep(PickleStepDefinitionMatch.java:50)\r\n\tat cucumber.runner.TestStep.executeStep(TestStep.java:65)\r\n\tat cucumber.runner.TestStep.run(TestStep.java:50)\r\n\tat cucumber.runner.PickleStepTestStep.run(PickleStepTestStep.java:43)\r\n\tat cucumber.runner.TestCase.run(TestCase.java:46)\r\n\tat cucumber.runner.Runner.runPickle(Runner.java:50)\r\n\tat io.cucumber.junit.PickleRunners$NoStepDescriptions.run(PickleRunners.java:146)\r\n\tat io.cucumber.junit.FeatureRunner.runChild(FeatureRunner.java:68)\r\n\tat io.cucumber.junit.FeatureRunner.runChild(FeatureRunner.java:23)\r\n\tat org.junit.runners.ParentRunner$3.run(ParentRunner.java:290)\r\n\tat org.junit.runners.ParentRunner$1.schedule(ParentRunner.java:71)\r\n\tat org.junit.runners.ParentRunner.runChildren(ParentRunner.java:288)\r\n\tat org.junit.runners.ParentRunner.access$000(ParentRunner.java:58)\r\n\tat org.junit.runners.ParentRunner$2.evaluate(ParentRunner.java:268)\r\n\tat org.junit.runners.ParentRunner.run(ParentRunner.java:363)\r\n\tat io.cucumber.junit.Cucumber.runChild(Cucumber.java:144)\r\n\tat io.cucumber.junit.Cucumber.runChild(Cucumber.java:65)\r\n\tat org.junit.runners.ParentRunner$3.run(ParentRunner.java:290)\r\n\tat org.junit.runners.ParentRunner$1.schedule(ParentRunner.java:71)\r\n\tat org.junit.runners.ParentRunner.runChildren(ParentRunner.java:288)\r\n\tat org.junit.runners.ParentRunner.access$000(ParentRunner.java:58)\r\n\tat org.junit.runners.ParentRunner$2.evaluate(ParentRunner.java:268)\r\n\tat io.cucumber.junit.Cucumber$RunCucumber.evaluate(Cucumber.java:174)\r\n\tat org.junit.runners.ParentRunner.run(ParentRunner.java:363)\r\n\tat org.junit.runner.JUnitCore.run(JUnitCore.java:137)\r\n\tat com.intellij.junit4.JUnit4IdeaTestRunner.startRunnerWithArgs(JUnit4IdeaTestRunner.java:68)\r\n\tat com.intellij.rt.junit.IdeaTestRunner$Repeater.startRunnerWithArgs(IdeaTestRunner.java:33)\r\n\tat com.intellij.rt.junit.JUnitStarter.prepareStreamsAndStart(JUnitStarter.java:230)\r\n\tat com.intellij.rt.junit.JUnitStarter.main(JUnitStarter.java:58)\r\nCaused by: java.lang.reflect.InvocationTargetException\r\n\tat sun.reflect.GeneratedConstructorAccessor3.newInstance(Unknown Source)\r\n\tat sun.reflect.DelegatingConstructorAccessorImpl.newInstance(DelegatingConstructorAccessorImpl.java:45)\r\n\tat java.lang.reflect.Constructor.newInstance(Constructor.java:423)\r\n\tat cucumber.runtime.java.DefaultJavaObjectFactory.cacheNewInstance(DefaultJavaObjectFactory.java:40)\r\n\t... 31 more\r\nCaused by: java.io.FileNotFoundException: C:\\Jenkinspath\\testData.json (The system cannot find the path specified)\r\n\tat java.io.FileInputStream.open0(Native Method)\r\n\tat java.io.FileInputStream.open(FileInputStream.java:195)\r\n\tat java.io.FileInputStream.\u003cinit\u003e(FileInputStream.java:138)\r\n\tat java.io.FileInputStream.\u003cinit\u003e(FileInputStream.java:93)\r\n\tat java.io.FileReader.\u003cinit\u003e(FileReader.java:58)\r\n\tat resources.Utils.\u003cinit\u003e(Utils.java:24)\r\n\tat stepDefinations.StepDefination.\u003cinit\u003e(StepDefination.java:38)\r\n\t... 35 more\r\n",
              "duration": 960100,
              "status": "failed"
            },
            "line": 16,
            "name": "update user details with payload",
            "match": {
              "location": "StepDefination.updateUserDetailsWithPayload()"
            },
            "keyword": "Given "
          },
          {
            "result": {
              "duration": 489300,
              "status": "skipped"
            },
            "line": 17,
            "name": "user calls \"updateUserAPI\" with \"PATCH\" http request",
            "match": {
              "arguments": [
                {
                  "val": "\"updateUserAPI\"",
                  "offset": 11
                },
                {
                  "val": "\"PATCH\"",
                  "offset": 32
                }
              ],
              "location": "StepDefination.user_calls_with_http_request(String,String)"
            },
            "keyword": "When "
          },
          {
            "result": {
              "duration": 262900,
              "status": "skipped"
            },
            "line": 18,
            "name": "the API call got success with status code 200",
            "match": {
              "arguments": [
                {
                  "val": "200",
                  "offset": 42
                }
              ],
              "location": "StepDefination.the_API_call_got_success_with_status_code(Integer)"
            },
            "keyword": "Then "
          },
          {
            "result": {
              "duration": 299700,
              "status": "skipped"
            },
            "line": 19,
            "name": "\"responseCode\" in response body is \"OK\"",
            "match": {
              "arguments": [
                {
                  "val": "\"responseCode\"",
                  "offset": 0
                },
                {
                  "val": "\"OK\"",
                  "offset": 35
                }
              ],
              "location": "StepDefination.in_response_body_is(String,String)"
            },
            "keyword": "And "
          }
        ]
      }
    ],
    "name": "validating user apis are working",
    "description": "",
    "id": "validating-user-apis-are-working",
    "keyword": "Feature",
    "uri": "file:src/test/java/features/user.feature",
    "tags": []
  }
]